{"obj": {"type": "AssignString", "path": ["sys", "name"], "value": "Untitled"}, "version": 1}
{"obj": {"type": "AssignString", "path": ["sys", "description"], "value": ""}, "version": 2}
{"obj": {"type": "AssignString", "path": ["sys", "hostname"], "value": "LAPTOP-1SKKBU1Q"}, "version": 3}
{"obj": {"type": "AssignBool", "path": ["sys", "failed"], "value": false}, "version": 4}
{"obj": {"type": "ClearStringLog", "path": ["monitoring", "stdout"]}, "version": 5}
{"obj": {"type": "ClearStringLog", "path": ["monitoring", "stderr"]}, "version": 6}
{"obj": {"type": "ConfigFloatSeries", "path": ["monitoring", "cpu"], "min": 0.0, "max": 100.0, "unit": "%"}, "version": 7}
{"obj": {"type": "ClearFloatLog", "path": ["monitoring", "cpu"]}, "version": 8}
{"obj": {"type": "ConfigFloatSeries", "path": ["monitoring", "memory"], "min": 0.0, "max": 15.685134887695312, "unit": "GB"}, "version": 9}
{"obj": {"type": "ClearFloatLog", "path": ["monitoring", "memory"]}, "version": 10}
{"obj": {"type": "ConfigFloatSeries", "path": ["monitoring", "gpu"], "min": 0.0, "max": 100.0, "unit": "%"}, "version": 11}
{"obj": {"type": "ClearFloatLog", "path": ["monitoring", "gpu"]}, "version": 12}
{"obj": {"type": "ConfigFloatSeries", "path": ["monitoring", "gpu_memory"], "min": 0.0, "max": 6.0, "unit": "GB"}, "version": 13}
{"obj": {"type": "ClearFloatLog", "path": ["monitoring", "gpu_memory"]}, "version": 14}
{"obj": {"type": "LogStrings", "path": ["monitoring", "stdout"], "values": [{"value": "b''", "step": null, "ts": 1621694874.2658813}]}, "version": 15}
{"obj": {"type": "LogStrings", "path": ["monitoring", "stdout"], "values": [{"value": "b'https://app.neptune.ai/damiankucharski/SpatioTemportal/e/SPAT-2\\r\\n'", "step": null, "ts": 1621694874.266868}]}, "version": 16}
{"obj": {"type": "LogFloats", "path": ["monitoring", "cpu"], "values": [{"value": 23.8, "step": null, "ts": 1621694874.2628663}]}, "version": 17}
{"obj": {"type": "LogFloats", "path": ["monitoring", "memory"], "values": [{"value": 8.120826721191406, "step": null, "ts": 1621694874.2628663}]}, "version": 18}
{"obj": {"type": "LogFloats", "path": ["monitoring", "gpu"], "values": [{"value": 16.0, "step": null, "ts": 1621694874.2628663}]}, "version": 19}
{"obj": {"type": "LogFloats", "path": ["monitoring", "gpu_memory"], "values": [{"value": 0.8805160522460938, "step": null, "ts": 1621694874.2628663}]}, "version": 20}
{"obj": {"type": "LogStrings", "path": ["monitoring", "stderr"], "values": [{"value": "\r  0%|          | 0/452 [00:00<?, ?it/s]", "step": null, "ts": 1621694875.4808674}]}, "version": 21}
{"obj": {"type": "LogStrings", "path": ["monitoring", "stderr"], "values": [{"value": "\r  2%|\u258f         | 10/452 [00:00<00:04, 94.34it/s]", "step": null, "ts": 1621694875.5888662}]}, "version": 22}
{"obj": {"type": "LogStrings", "path": ["monitoring", "stderr"], "values": [{"value": "\r  5%|\u258c         | 23/452 [00:00<00:04, 101.59it/s]", "step": null, "ts": 1621694875.693866}]}, "version": 23}
{"obj": {"type": "LogStrings", "path": ["monitoring", "stderr"], "values": [{"value": "\r  8%|\u258a         | 34/452 [00:00<00:04, 103.10it/s]", "step": null, "ts": 1621694875.7968655}]}, "version": 24}
{"obj": {"type": "LogStrings", "path": ["monitoring", "stderr"], "values": [{"value": "\r 10%|\u2589         | 45/452 [00:00<00:03, 104.18it/s]", "step": null, "ts": 1621694875.8998654}]}, "version": 25}
{"obj": {"type": "LogStrings", "path": ["monitoring", "stderr"], "values": [{"value": "\r 13%|\u2588\u258e        | 57/452 [00:00<00:03, 107.60it/s]", "step": null, "ts": 1621694876.001866}]}, "version": 26}
{"obj": {"type": "LogStrings", "path": ["monitoring", "stderr"], "values": [{"value": "\r 16%|\u2588\u258c        | 71/452 [00:00<00:03, 113.93it/s]", "step": null, "ts": 1621694876.108866}]}, "version": 27}
{"obj": {"type": "LogStrings", "path": ["monitoring", "stderr"], "values": [{"value": "\r 18%|\u2588\u258a        | 82/452 [00:00<00:03, 111.35it/s]", "step": null, "ts": 1621694876.2128658}]}, "version": 28}
{"obj": {"type": "LogStrings", "path": ["monitoring", "stderr"], "values": [{"value": "\r 22%|\u2588\u2588\u258f       | 99/452 [00:00<00:02, 122.86it/s]", "step": null, "ts": 1621694876.317866}]}, "version": 29}
{"obj": {"type": "LogStrings", "path": ["monitoring", "stderr"], "values": [{"value": "\r 25%|\u2588\u2588\u258c       | 115/452 [00:00<00:02, 131.08it/s]", "step": null, "ts": 1621694876.4208715}]}, "version": 30}
{"obj": {"type": "LogStrings", "path": ["monitoring", "stderr"], "values": [{"value": "\r 29%|\u2588\u2588\u2589       | 132/452 [00:01<00:02, 140.05it/s]", "step": null, "ts": 1621694876.5228667}]}, "version": 31}
{"obj": {"type": "LogStrings", "path": ["monitoring", "stderr"], "values": [{"value": "\r 33%|\u2588\u2588\u2588\u258e      | 149/452 [00:01<00:02, 146.72it/s]", "step": null, "ts": 1621694876.625867}]}, "version": 32}
{"obj": {"type": "LogStrings", "path": ["monitoring", "stderr"], "values": [{"value": "\r 37%|\u2588\u2588\u2588\u258b      | 166/452 [00:01<00:01, 151.37it/s]", "step": null, "ts": 1621694876.7298646}]}, "version": 33}
{"obj": {"type": "LogStrings", "path": ["monitoring", "stderr"], "values": [{"value": "\r 40%|\u2588\u2588\u2588\u2588      | 183/452 [00:01<00:01, 155.66it/s]", "step": null, "ts": 1621694876.8318648}]}, "version": 34}
{"obj": {"type": "LogStrings", "path": ["monitoring", "stderr"], "values": [{"value": "\r 44%|\u2588\u2588\u2588\u2588\u258d     | 201/452 [00:01<00:01, 161.37it/s]", "step": null, "ts": 1621694876.9338655}]}, "version": 35}
{"obj": {"type": "LogStrings", "path": ["monitoring", "stderr"], "values": [{"value": "\r 48%|\u2588\u2588\u2588\u2588\u258a     | 218/452 [00:01<00:01, 163.39it/s]", "step": null, "ts": 1621694877.0338662}]}, "version": 36}
{"obj": {"type": "LogStrings", "path": ["monitoring", "stderr"], "values": [{"value": "\r 52%|\u2588\u2588\u2588\u2588\u2588\u258f    | 235/452 [00:01<00:01, 164.36it/s]", "step": null, "ts": 1621694877.1368651}]}, "version": 37}
{"obj": {"type": "LogStrings", "path": ["monitoring", "stderr"], "values": [{"value": "\r 56%|\u2588\u2588\u2588\u2588\u2588\u258c    | 252/452 [00:01<00:01, 163.62it/s]", "step": null, "ts": 1621694877.2408643}]}, "version": 38}
{"obj": {"type": "LogStrings", "path": ["monitoring", "stderr"], "values": [{"value": "\r 60%|\u2588\u2588\u2588\u2588\u2588\u2589    | 269/452 [00:01<00:01, 161.24it/s]", "step": null, "ts": 1621694877.3508651}]}, "version": 39}
{"obj": {"type": "LogStrings", "path": ["monitoring", "stderr"], "values": [{"value": "\r 63%|\u2588\u2588\u2588\u2588\u2588\u2588\u258e   | 287/452 [00:01<00:01, 164.62it/s]", "step": null, "ts": 1621694877.453864}]}, "version": 40}
{"obj": {"type": "LogStrings", "path": ["monitoring", "stderr"], "values": [{"value": "\r 67%|\u2588\u2588\u2588\u2588\u2588\u2588\u258b   | 304/452 [00:02<00:00, 155.27it/s]", "step": null, "ts": 1621694877.5788648}]}, "version": 41}
{"obj": {"type": "LogStrings", "path": ["monitoring", "stderr"], "values": [{"value": "\r 71%|\u2588\u2588\u2588\u2588\u2588\u2588\u2588   | 320/452 [00:02<00:00, 155.29it/s]", "step": null, "ts": 1621694877.6818666}]}, "version": 42}
{"obj": {"type": "LogStrings", "path": ["monitoring", "stderr"], "values": [{"value": "\r 74%|\u2588\u2588\u2588\u2588\u2588\u2588\u2588\u258d  | 336/452 [00:02<00:00, 153.52it/s]", "step": null, "ts": 1621694877.788865}]}, "version": 43}
{"obj": {"type": "LogStrings", "path": ["monitoring", "stderr"], "values": [{"value": "\r 78%|\u2588\u2588\u2588\u2588\u2588\u2588\u2588\u258a  | 353/452 [00:02<00:00, 155.94it/s]", "step": null, "ts": 1621694877.892871}]}, "version": 44}
{"obj": {"type": "LogStrings", "path": ["monitoring", "stderr"], "values": [{"value": "\r 82%|\u2588\u2588\u2588\u2588\u2588\u2588\u2588\u2588\u258f | 369/452 [00:02<00:00, 156.68it/s]", "step": null, "ts": 1621694877.9948723}]}, "version": 45}
{"obj": {"type": "LogStrings", "path": ["monitoring", "stderr"], "values": [{"value": "\r 85%|\u2588\u2588\u2588\u2588\u2588\u2588\u2588\u2588\u258c | 385/452 [00:02<00:00, 156.73it/s]", "step": null, "ts": 1621694878.0968668}]}, "version": 46}
{"obj": {"type": "LogStrings", "path": ["monitoring", "stderr"], "values": [{"value": "\r 89%|\u2588\u2588\u2588\u2588\u2588\u2588\u2588\u2588\u258a | 401/452 [00:02<00:00, 156.31it/s]", "step": null, "ts": 1621694878.1988716}]}, "version": 47}
{"obj": {"type": "LogStrings", "path": ["monitoring", "stderr"], "values": [{"value": "\r 92%|\u2588\u2588\u2588\u2588\u2588\u2588\u2588\u2588\u2588\u258f| 418/452 [00:02<00:00, 157.95it/s]", "step": null, "ts": 1621694878.3038654}]}, "version": 48}
{"obj": {"type": "LogStrings", "path": ["monitoring", "stderr"], "values": [{"value": "\r 96%|\u2588\u2588\u2588\u2588\u2588\u2588\u2588\u2588\u2588\u258c| 435/452 [00:02<00:00, 160.47it/s]", "step": null, "ts": 1621694878.406866}]}, "version": 49}
{"obj": {"type": "LogStrings", "path": ["monitoring", "stderr"], "values": [{"value": "\r100%|\u2588\u2588\u2588\u2588\u2588\u2588\u2588\u2588\u2588\u2588| 452/452 [00:03<00:00, 154.74it/s]", "step": null, "ts": 1621694878.5248663}]}, "version": 50}
{"obj": {"type": "LogStrings", "path": ["monitoring", "stderr"], "values": [{"value": "", "step": null, "ts": 1621694878.5258677}]}, "version": 51}
{"obj": {"type": "LogStrings", "path": ["monitoring", "stderr"], "values": [{"value": "\r100%|\u2588\u2588\u2588\u2588\u2588\u2588\u2588\u2588\u2588\u2588| 452/452 [00:03<00:00, 148.44it/s]", "step": null, "ts": 1621694878.526865}]}, "version": 52}
{"obj": {"type": "LogStrings", "path": ["monitoring", "stderr"], "values": [{"value": "\n", "step": null, "ts": 1621694878.526865}]}, "version": 53}
{"obj": {"type": "LogStrings", "path": ["monitoring", "stderr"], "values": [{"value": "\r  0%|          | 0/1354 [00:00<?, ?it/s]", "step": null, "ts": 1621694878.786864}]}, "version": 54}
{"obj": {"type": "LogStrings", "path": ["monitoring", "stderr"], "values": [{"value": "\r  1%|\u258f         | 17/1354 [00:00<00:08, 163.45it/s]", "step": null, "ts": 1621694878.8928716}]}, "version": 55}
{"obj": {"type": "LogStrings", "path": ["monitoring", "stderr"], "values": [{"value": "\r  2%|\u258f         | 33/1354 [00:00<00:08, 160.45it/s]", "step": null, "ts": 1621694878.996866}]}, "version": 56}
{"obj": {"type": "LogStrings", "path": ["monitoring", "stderr"], "values": [{"value": "\r  4%|\u258e         | 50/1354 [00:00<00:08, 162.73it/s]", "step": null, "ts": 1621694879.0968642}]}, "version": 57}
{"obj": {"type": "LogStrings", "path": ["monitoring", "stderr"], "values": [{"value": "\r  5%|\u258d         | 66/1354 [00:00<00:08, 160.92it/s]", "step": null, "ts": 1621694879.199866}]}, "version": 58}
{"obj": {"type": "LogStrings", "path": ["monitoring", "stderr"], "values": [{"value": "\r  6%|\u258c         | 82/1354 [00:00<00:07, 159.21it/s]", "step": null, "ts": 1621694879.3018663}]}, "version": 59}
{"obj": {"type": "LogStrings", "path": ["monitoring", "stderr"], "values": [{"value": "\r  7%|\u258b         | 98/1354 [00:00<00:07, 158.50it/s]", "step": null, "ts": 1621694879.4048662}]}, "version": 60}
{"obj": {"type": "LogStrings", "path": ["monitoring", "stderr"], "values": [{"value": "\r  8%|\u258a         | 114/1354 [00:00<00:07, 157.54it/s]", "step": null, "ts": 1621694879.5078645}]}, "version": 61}
{"obj": {"type": "LogStrings", "path": ["monitoring", "stderr"], "values": [{"value": "\r 10%|\u2589         | 129/1354 [00:00<00:07, 153.77it/s]", "step": null, "ts": 1621694879.6108685}]}, "version": 62}
{"obj": {"type": "LogStrings", "path": ["monitoring", "stderr"], "values": [{"value": "\r 11%|\u2588         | 145/1354 [00:00<00:07, 153.34it/s]", "step": null, "ts": 1621694879.7148724}]}, "version": 63}
{"obj": {"type": "LogStrings", "path": ["monitoring", "stderr"], "values": [{"value": "\r 12%|\u2588\u258f        | 162/1354 [00:01<00:07, 155.82it/s]", "step": null, "ts": 1621694879.820866}]}, "version": 64}
{"obj": {"type": "LogStrings", "path": ["monitoring", "stderr"], "values": [{"value": "\r 13%|\u2588\u258e        | 180/1354 [00:01<00:07, 160.20it/s]", "step": null, "ts": 1621694879.924865}]}, "version": 65}
{"obj": {"type": "LogStrings", "path": ["monitoring", "stderr"], "values": [{"value": "\r 15%|\u2588\u258d        | 197/1354 [00:01<00:07, 160.70it/s]", "step": null, "ts": 1621694880.0298722}]}, "version": 66}
{"obj": {"type": "LogStrings", "path": ["monitoring", "stderr"], "values": [{"value": "\r 16%|\u2588\u258c        | 216/1354 [00:01<00:06, 167.61it/s]", "step": null, "ts": 1621694880.132865}]}, "version": 67}
{"obj": {"type": "LogStrings", "path": ["monitoring", "stderr"], "values": [{"value": "\r 17%|\u2588\u258b        | 233/1354 [00:01<00:06, 165.37it/s]", "step": null, "ts": 1621694880.238867}]}, "version": 68}
{"obj": {"type": "LogStrings", "path": ["monitoring", "stderr"], "values": [{"value": "\r 18%|\u2588\u258a        | 250/1354 [00:01<00:06, 164.31it/s]", "step": null, "ts": 1621694880.3438659}]}, "version": 69}
{"obj": {"type": "LogStrings", "path": ["monitoring", "stderr"], "values": [{"value": "\r 20%|\u2588\u2589        | 267/1354 [00:01<00:07, 152.57it/s]", "step": null, "ts": 1621694880.472864}]}, "version": 70}
{"obj": {"type": "LogStrings", "path": ["monitoring", "stderr"], "values": [{"value": "\r 21%|\u2588\u2588        | 283/1354 [00:01<00:07, 151.65it/s]", "step": null, "ts": 1621694880.579866}]}, "version": 71}
{"obj": {"type": "LogStrings", "path": ["monitoring", "stderr"], "values": [{"value": "\r 22%|\u2588\u2588\u258f       | 299/1354 [00:01<00:06, 151.44it/s]", "step": null, "ts": 1621694880.6858673}]}, "version": 72}
{"obj": {"type": "LogStrings", "path": ["monitoring", "stderr"], "values": [{"value": "\r 23%|\u2588\u2588\u258e       | 316/1354 [00:02<00:06, 154.43it/s]", "step": null, "ts": 1621694880.7908704}]}, "version": 73}
{"obj": {"type": "LogStrings", "path": ["monitoring", "stderr"], "values": [{"value": "\r 25%|\u2588\u2588\u258d       | 332/1354 [00:02<00:06, 155.61it/s]", "step": null, "ts": 1621694880.891864}]}, "version": 74}
{"obj": {"type": "LogStrings", "path": ["monitoring", "stderr"], "values": [{"value": "\r 26%|\u2588\u2588\u258c       | 348/1354 [00:02<00:06, 155.98it/s]", "step": null, "ts": 1621694880.9948652}]}, "version": 75}
{"obj": {"type": "LogStrings", "path": ["monitoring", "stderr"], "values": [{"value": "\r 27%|\u2588\u2588\u258b       | 364/1354 [00:02<00:06, 148.83it/s]", "step": null, "ts": 1621694881.1138647}]}, "version": 76}
{"obj": {"type": "LogStrings", "path": ["monitoring", "stderr"], "values": [{"value": "\r 28%|\u2588\u2588\u258a       | 380/1354 [00:02<00:06, 151.58it/s]", "step": null, "ts": 1621694881.213867}]}, "version": 77}
{"obj": {"type": "LogStrings", "path": ["monitoring", "stderr"], "values": [{"value": "\r 29%|\u2588\u2588\u2589       | 397/1354 [00:02<00:06, 155.39it/s]", "step": null, "ts": 1621694881.3168676}]}, "version": 78}
{"obj": {"type": "LogStrings", "path": ["monitoring", "stderr"], "values": [{"value": "\r 31%|\u2588\u2588\u2588       | 413/1354 [00:02<00:06, 155.83it/s]", "step": null, "ts": 1621694881.4188654}]}, "version": 79}
{"obj": {"type": "LogStrings", "path": ["monitoring", "stderr"], "values": [{"value": "\r 32%|\u2588\u2588\u2588\u258f      | 429/1354 [00:02<00:06, 152.13it/s]", "step": null, "ts": 1621694881.5298655}]}, "version": 80}
{"obj": {"type": "LogStrings", "path": ["monitoring", "stderr"], "values": [{"value": "\r 33%|\u2588\u2588\u2588\u258e      | 445/1354 [00:02<00:06, 134.88it/s]", "step": null, "ts": 1621694881.6808674}]}, "version": 81}
{"obj": {"type": "LogStrings", "path": ["monitoring", "stderr"], "values": [{"value": "\r 34%|\u2588\u2588\u2588\u258d      | 461/1354 [00:02<00:06, 140.43it/s]", "step": null, "ts": 1621694881.7828643}]}, "version": 82}
{"obj": {"type": "LogStrings", "path": ["monitoring", "stderr"], "values": [{"value": "\r 35%|\u2588\u2588\u2588\u258c      | 478/1354 [00:03<00:05, 147.39it/s]", "step": null, "ts": 1621694881.8858662}]}, "version": 83}
{"obj": {"type": "LogStrings", "path": ["monitoring", "stderr"], "values": [{"value": "\r 36%|\u2588\u2588\u2588\u258b      | 494/1354 [00:03<00:05, 149.27it/s]", "step": null, "ts": 1621694881.988867}]}, "version": 84}
{"obj": {"type": "LogStrings", "path": ["monitoring", "stderr"], "values": [{"value": "\r 38%|\u2588\u2588\u2588\u258a      | 510/1354 [00:03<00:05, 151.04it/s]", "step": null, "ts": 1621694882.0918663}]}, "version": 85}
{"obj": {"type": "LogStrings", "path": ["monitoring", "stderr"], "values": [{"value": "\r 39%|\u2588\u2588\u2588\u2589      | 526/1354 [00:03<00:05, 149.74it/s]", "step": null, "ts": 1621694882.2018669}]}, "version": 86}
{"obj": {"type": "LogStrings", "path": ["monitoring", "stderr"], "values": [{"value": "\r 40%|\u2588\u2588\u2588\u2588      | 542/1354 [00:03<00:05, 147.61it/s]", "step": null, "ts": 1621694882.3138657}]}, "version": 87}
{"obj": {"type": "LogStrings", "path": ["monitoring", "stderr"], "values": [{"value": "\r 41%|\u2588\u2588\u2588\u2588      | 557/1354 [00:03<00:05, 145.30it/s]", "step": null, "ts": 1621694882.4208648}]}, "version": 88}
{"obj": {"type": "LogStrings", "path": ["monitoring", "stderr"], "values": [{"value": "\r 42%|\u2588\u2588\u2588\u2588\u258f     | 572/1354 [00:03<00:05, 143.73it/s]", "step": null, "ts": 1621694882.5268667}]}, "version": 89}
{"obj": {"type": "LogStrings", "path": ["monitoring", "stderr"], "values": [{"value": "\r 43%|\u2588\u2588\u2588\u2588\u258e     | 587/1354 [00:03<00:05, 136.42it/s]", "step": null, "ts": 1621694882.6498652}]}, "version": 90}
{"obj": {"type": "LogStrings", "path": ["monitoring", "stderr"], "values": [{"value": "\r 44%|\u2588\u2588\u2588\u2588\u258d     | 602/1354 [00:03<00:05, 139.06it/s]", "step": null, "ts": 1621694882.7528658}]}, "version": 91}
{"obj": {"type": "LogStrings", "path": ["monitoring", "stderr"], "values": [{"value": "\r 45%|\u2588\u2588\u2588\u2588\u258c     | 616/1354 [00:04<00:05, 139.34it/s]", "step": null, "ts": 1621694882.8538663}]}, "version": 92}
{"obj": {"type": "LogStrings", "path": ["monitoring", "stderr"], "values": [{"value": "\r 47%|\u2588\u2588\u2588\u2588\u258b     | 632/1354 [00:04<00:05, 143.40it/s]", "step": null, "ts": 1621694882.9578662}]}, "version": 93}
{"obj": {"type": "LogStrings", "path": ["monitoring", "stderr"], "values": [{"value": "\r 48%|\u2588\u2588\u2588\u2588\u258a     | 647/1354 [00:04<00:05, 136.58it/s]", "step": null, "ts": 1621694883.0788662}]}, "version": 94}
{"obj": {"type": "LogStrings", "path": ["monitoring", "stderr"], "values": [{"value": "\r 49%|\u2588\u2588\u2588\u2588\u2589     | 661/1354 [00:04<00:05, 137.18it/s]", "step": null, "ts": 1621694883.1798725}]}, "version": 95}
{"obj": {"type": "LogStrings", "path": ["monitoring", "stderr"], "values": [{"value": "\r 50%|\u2588\u2588\u2588\u2588\u2589     | 675/1354 [00:04<00:04, 137.21it/s]", "step": null, "ts": 1621694883.2818682}]}, "version": 96}
{"obj": {"type": "LogStrings", "path": ["monitoring", "stderr"], "values": [{"value": "\r 51%|\u2588\u2588\u2588\u2588\u2588     | 691/1354 [00:04<00:04, 141.81it/s]", "step": null, "ts": 1621694883.386865}]}, "version": 97}
{"obj": {"type": "LogStrings", "path": ["monitoring", "stderr"], "values": [{"value": "\r 52%|\u2588\u2588\u2588\u2588\u2588\u258f    | 706/1354 [00:04<00:04, 142.12it/s]", "step": null, "ts": 1621694883.4918804}]}, "version": 98}
{"obj": {"type": "LogStrings", "path": ["monitoring", "stderr"], "values": [{"value": "\r 53%|\u2588\u2588\u2588\u2588\u2588\u258e    | 721/1354 [00:04<00:05, 123.98it/s]", "step": null, "ts": 1621694883.648881}]}, "version": 99}
{"obj": {"type": "LogStrings", "path": ["monitoring", "stderr"], "values": [{"value": "\r 54%|\u2588\u2588\u2588\u2588\u2588\u258d    | 736/1354 [00:04<00:04, 130.45it/s]", "step": null, "ts": 1621694883.74988}]}, "version": 100}
{"obj": {"type": "LogStrings", "path": ["monitoring", "stderr"], "values": [{"value": "\r 56%|\u2588\u2588\u2588\u2588\u2588\u258c    | 752/1354 [00:05<00:04, 137.03it/s]", "step": null, "ts": 1621694883.8518822}]}, "version": 101}
{"obj": {"type": "LogStrings", "path": ["monitoring", "stderr"], "values": [{"value": "\r 57%|\u2588\u2588\u2588\u2588\u2588\u258b    | 768/1354 [00:05<00:04, 141.68it/s]", "step": null, "ts": 1621694883.9558806}]}, "version": 102}
{"obj": {"type": "LogStrings", "path": ["monitoring", "stderr"], "values": [{"value": "\r 58%|\u2588\u2588\u2588\u2588\u2588\u258a    | 786/1354 [00:05<00:03, 150.21it/s]", "step": null, "ts": 1621694884.0598788}]}, "version": 103}
{"obj": {"type": "LogStrings", "path": ["monitoring", "stderr"], "values": [{"value": "\r 59%|\u2588\u2588\u2588\u2588\u2588\u2589    | 803/1354 [00:05<00:03, 153.54it/s]", "step": null, "ts": 1621694884.1648836}]}, "version": 104}
{"obj": {"type": "LogFloats", "path": ["monitoring", "cpu"], "values": [{"value": 72.1, "step": null, "ts": 1621694884.2808812}]}, "version": 105}
{"obj": {"type": "LogFloats", "path": ["monitoring", "memory"], "values": [{"value": 10.548286437988281, "step": null, "ts": 1621694884.2808812}]}, "version": 106}
{"obj": {"type": "LogFloats", "path": ["monitoring", "gpu"], "values": [{"value": 30.0, "step": null, "ts": 1621694884.2808812}]}, "version": 107}
{"obj": {"type": "LogFloats", "path": ["monitoring", "gpu_memory"], "values": [{"value": 0.9019927978515625, "step": null, "ts": 1621694884.2808812}]}, "version": 108}
{"obj": {"type": "LogStrings", "path": ["monitoring", "stderr"], "values": [{"value": "\r 60%|\u2588\u2588\u2588\u2588\u2588\u2588    | 819/1354 [00:05<00:03, 144.47it/s]", "step": null, "ts": 1621694884.2908823}]}, "version": 109}
{"obj": {"type": "LogStrings", "path": ["monitoring", "stderr"], "values": [{"value": "\r 62%|\u2588\u2588\u2588\u2588\u2588\u2588\u258f   | 834/1354 [00:05<00:03, 144.82it/s]", "step": null, "ts": 1621694884.3938818}]}, "version": 110}
{"obj": {"type": "LogStrings", "path": ["monitoring", "stderr"], "values": [{"value": "\r 63%|\u2588\u2588\u2588\u2588\u2588\u2588\u258e   | 850/1354 [00:05<00:03, 147.41it/s]", "step": null, "ts": 1621694884.4978874}]}, "version": 111}
{"obj": {"type": "LogStrings", "path": ["monitoring", "stderr"], "values": [{"value": "\r 64%|\u2588\u2588\u2588\u2588\u2588\u2588\u258d   | 866/1354 [00:05<00:03, 150.13it/s]", "step": null, "ts": 1621694884.599879}]}, "version": 112}
{"obj": {"type": "LogStrings", "path": ["monitoring", "stderr"], "values": [{"value": "\r 65%|\u2588\u2588\u2588\u2588\u2588\u2588\u258c   | 883/1354 [00:05<00:03, 154.73it/s]", "step": null, "ts": 1621694884.7018795}]}, "version": 113}
{"obj": {"type": "LogStrings", "path": ["monitoring", "stderr"], "values": [{"value": "\r 66%|\u2588\u2588\u2588\u2588\u2588\u2588\u258b   | 899/1354 [00:06<00:02, 153.14it/s]", "step": null, "ts": 1621694884.8088827}]}, "version": 114}
{"obj": {"type": "LogStrings", "path": ["monitoring", "stderr"], "values": [{"value": "\r 68%|\u2588\u2588\u2588\u2588\u2588\u2588\u258a   | 915/1354 [00:06<00:02, 152.04it/s]", "step": null, "ts": 1621694884.9148793}]}, "version": 115}
{"obj": {"type": "LogStrings", "path": ["monitoring", "stderr"], "values": [{"value": "\r 69%|\u2588\u2588\u2588\u2588\u2588\u2588\u2589   | 932/1354 [00:06<00:02, 155.72it/s]", "step": null, "ts": 1621694885.0178802}]}, "version": 116}
{"obj": {"type": "LogStrings", "path": ["monitoring", "stderr"], "values": [{"value": "\r 70%|\u2588\u2588\u2588\u2588\u2588\u2588\u2588   | 950/1354 [00:06<00:02, 159.70it/s]", "step": null, "ts": 1621694885.1248786}]}, "version": 117}
{"obj": {"type": "LogStrings", "path": ["monitoring", "stderr"], "values": [{"value": "\r 71%|\u2588\u2588\u2588\u2588\u2588\u2588\u2588\u258f  | 967/1354 [00:06<00:02, 142.24it/s]", "step": null, "ts": 1621694885.2748802}]}, "version": 118}
{"obj": {"type": "LogStrings", "path": ["monitoring", "stderr"], "values": [{"value": "\r 73%|\u2588\u2588\u2588\u2588\u2588\u2588\u2588\u258e  | 982/1354 [00:06<00:02, 138.48it/s]", "step": null, "ts": 1621694885.3888814}]}, "version": 119}
{"obj": {"type": "LogStrings", "path": ["monitoring", "stderr"], "values": [{"value": "\r 74%|\u2588\u2588\u2588\u2588\u2588\u2588\u2588\u258e  | 997/1354 [00:06<00:02, 138.22it/s]", "step": null, "ts": 1621694885.4978821}]}, "version": 120}
{"obj": {"type": "LogStrings", "path": ["monitoring", "stderr"], "values": [{"value": "\r 75%|\u2588\u2588\u2588\u2588\u2588\u2588\u2588\u258d  | 1012/1354 [00:06<00:02, 136.90it/s]", "step": null, "ts": 1621694885.6108828}]}, "version": 121}
{"obj": {"type": "LogStrings", "path": ["monitoring", "stderr"], "values": [{"value": "\r 76%|\u2588\u2588\u2588\u2588\u2588\u2588\u2588\u258c  | 1027/1354 [00:06<00:02, 140.19it/s]", "step": null, "ts": 1621694885.7108805}]}, "version": 122}
{"obj": {"type": "LogStrings", "path": ["monitoring", "stderr"], "values": [{"value": "\r 77%|\u2588\u2588\u2588\u2588\u2588\u2588\u2588\u258b  | 1042/1354 [00:07<00:02, 142.18it/s]", "step": null, "ts": 1621694885.8128788}]}, "version": 123}
{"obj": {"type": "LogStrings", "path": ["monitoring", "stderr"], "values": [{"value": "\r 78%|\u2588\u2588\u2588\u2588\u2588\u2588\u2588\u258a  | 1059/1354 [00:07<00:02, 147.19it/s]", "step": null, "ts": 1621694885.91888}]}, "version": 124}
{"obj": {"type": "LogStrings", "path": ["monitoring", "stderr"], "values": [{"value": "\r 79%|\u2588\u2588\u2588\u2588\u2588\u2588\u2588\u2589  | 1076/1354 [00:07<00:01, 152.13it/s]", "step": null, "ts": 1621694886.021881}]}, "version": 125}
{"obj": {"type": "LogStrings", "path": ["monitoring", "stderr"], "values": [{"value": "\r 81%|\u2588\u2588\u2588\u2588\u2588\u2588\u2588\u2588  | 1094/1354 [00:07<00:01, 158.28it/s]", "step": null, "ts": 1621694886.12588}]}, "version": 126}
{"obj": {"type": "LogStrings", "path": ["monitoring", "stderr"], "values": [{"value": "\r 82%|\u2588\u2588\u2588\u2588\u2588\u2588\u2588\u2588\u258f | 1111/1354 [00:07<00:01, 160.25it/s]", "step": null, "ts": 1621694886.22788}]}, "version": 127}
{"obj": {"type": "LogStrings", "path": ["monitoring", "stderr"], "values": [{"value": "\r 83%|\u2588\u2588\u2588\u2588\u2588\u2588\u2588\u2588\u258e | 1128/1354 [00:07<00:01, 161.66it/s]", "step": null, "ts": 1621694886.3308818}]}, "version": 128}
{"obj": {"type": "LogStrings", "path": ["monitoring", "stderr"], "values": [{"value": "\r 85%|\u2588\u2588\u2588\u2588\u2588\u2588\u2588\u2588\u258d | 1146/1354 [00:07<00:01, 164.02it/s]", "step": null, "ts": 1621694886.4368792}]}, "version": 129}
{"obj": {"type": "LogStrings", "path": ["monitoring", "stderr"], "values": [{"value": "\r 86%|\u2588\u2588\u2588\u2588\u2588\u2588\u2588\u2588\u258c | 1163/1354 [00:07<00:01, 162.44it/s]", "step": null, "ts": 1621694886.5448809}]}, "version": 130}
{"obj": {"type": "LogStrings", "path": ["monitoring", "stderr"], "values": [{"value": "\r 87%|\u2588\u2588\u2588\u2588\u2588\u2588\u2588\u2588\u258b | 1180/1354 [00:07<00:01, 162.75it/s]", "step": null, "ts": 1621694886.647879}]}, "version": 131}
{"obj": {"type": "LogStrings", "path": ["monitoring", "stderr"], "values": [{"value": "\r 88%|\u2588\u2588\u2588\u2588\u2588\u2588\u2588\u2588\u258a | 1197/1354 [00:07<00:00, 162.03it/s]", "step": null, "ts": 1621694886.753879}]}, "version": 132}
{"obj": {"type": "LogStrings", "path": ["monitoring", "stderr"], "values": [{"value": "\r 90%|\u2588\u2588\u2588\u2588\u2588\u2588\u2588\u2588\u2589 | 1215/1354 [00:08<00:00, 164.29it/s]", "step": null, "ts": 1621694886.8598785}]}, "version": 133}
{"obj": {"type": "LogStrings", "path": ["monitoring", "stderr"], "values": [{"value": "\r 91%|\u2588\u2588\u2588\u2588\u2588\u2588\u2588\u2588\u2588 | 1233/1354 [00:08<00:00, 168.23it/s]", "step": null, "ts": 1621694886.9608827}]}, "version": 134}
{"obj": {"type": "LogStrings", "path": ["monitoring", "stderr"], "values": [{"value": "\r 92%|\u2588\u2588\u2588\u2588\u2588\u2588\u2588\u2588\u2588\u258f| 1250/1354 [00:08<00:00, 167.27it/s]", "step": null, "ts": 1621694887.064879}]}, "version": 135}
{"obj": {"type": "LogStrings", "path": ["monitoring", "stderr"], "values": [{"value": "\r 94%|\u2588\u2588\u2588\u2588\u2588\u2588\u2588\u2588\u2588\u258e| 1267/1354 [00:08<00:00, 166.59it/s]", "step": null, "ts": 1621694887.1678805}]}, "version": 136}
{"obj": {"type": "LogStrings", "path": ["monitoring", "stderr"], "values": [{"value": "\r 95%|\u2588\u2588\u2588\u2588\u2588\u2588\u2588\u2588\u2588\u258d| 1285/1354 [00:08<00:00, 169.44it/s]", "step": null, "ts": 1621694887.2698793}]}, "version": 137}
{"obj": {"type": "LogStrings", "path": ["monitoring", "stderr"], "values": [{"value": "\r 96%|\u2588\u2588\u2588\u2588\u2588\u2588\u2588\u2588\u2588\u258c| 1302/1354 [00:08<00:00, 167.11it/s]", "step": null, "ts": 1621694887.3738818}]}, "version": 138}
{"obj": {"type": "LogStrings", "path": ["monitoring", "stderr"], "values": [{"value": "\r 97%|\u2588\u2588\u2588\u2588\u2588\u2588\u2588\u2588\u2588\u258b| 1320/1354 [00:08<00:00, 168.38it/s]", "step": null, "ts": 1621694887.4788795}]}, "version": 139}
{"obj": {"type": "LogStrings", "path": ["monitoring", "stderr"], "values": [{"value": "\r 99%|\u2588\u2588\u2588\u2588\u2588\u2588\u2588\u2588\u2588\u258a| 1337/1354 [00:08<00:00, 161.64it/s]", "step": null, "ts": 1621694887.59488}]}, "version": 140}
{"obj": {"type": "LogStrings", "path": ["monitoring", "stderr"], "values": [{"value": "\r100%|\u2588\u2588\u2588\u2588\u2588\u2588\u2588\u2588\u2588\u2588| 1354/1354 [00:08<00:00, 163.11it/s]", "step": null, "ts": 1621694887.6958804}]}, "version": 141}
{"obj": {"type": "LogStrings", "path": ["monitoring", "stderr"], "values": [{"value": "", "step": null, "ts": 1621694887.6968908}]}, "version": 142}
{"obj": {"type": "LogStrings", "path": ["monitoring", "stderr"], "values": [{"value": "\r100%|\u2588\u2588\u2588\u2588\u2588\u2588\u2588\u2588\u2588\u2588| 1354/1354 [00:08<00:00, 151.96it/s]", "step": null, "ts": 1621694887.6978798}]}, "version": 143}
{"obj": {"type": "LogStrings", "path": ["monitoring", "stderr"], "values": [{"value": "\n", "step": null, "ts": 1621694887.6978798}]}, "version": 144}
{"obj": {"type": "LogStrings", "path": ["monitoring", "stderr"], "values": [{"value": "\r  0%|          | 0/677 [00:00<?, ?it/s]", "step": null, "ts": 1621694888.4128857}]}, "version": 145}
{"obj": {"type": "LogStrings", "path": ["monitoring", "stderr"], "values": [{"value": "\r  2%|\u258f         | 14/677 [00:00<00:04, 137.26it/s]", "step": null, "ts": 1621694888.5158799}]}, "version": 146}
{"obj": {"type": "LogStrings", "path": ["monitoring", "stderr"], "values": [{"value": "\r  4%|\u258d         | 29/677 [00:00<00:04, 138.50it/s]", "step": null, "ts": 1621694888.6218798}]}, "version": 147}
{"obj": {"type": "LogStrings", "path": ["monitoring", "stderr"], "values": [{"value": "\r  7%|\u258b         | 45/677 [00:00<00:04, 143.16it/s]", "step": null, "ts": 1621694888.7258787}]}, "version": 148}
{"obj": {"type": "LogStrings", "path": ["monitoring", "stderr"], "values": [{"value": "\r  9%|\u2589         | 62/677 [00:00<00:04, 148.31it/s]", "step": null, "ts": 1621694888.8298802}]}, "version": 149}
{"obj": {"type": "LogStrings", "path": ["monitoring", "stderr"], "values": [{"value": "\r 12%|\u2588\u258f        | 79/677 [00:00<00:03, 153.38it/s]", "step": null, "ts": 1621694888.9318824}]}, "version": 150}
{"obj": {"type": "LogStrings", "path": ["monitoring", "stderr"], "values": [{"value": "\r 14%|\u2588\u258d        | 95/677 [00:00<00:03, 154.85it/s]", "step": null, "ts": 1621694889.0338802}]}, "version": 151}
{"obj": {"type": "LogStrings", "path": ["monitoring", "stderr"], "values": [{"value": "\r 17%|\u2588\u258b        | 112/677 [00:00<00:03, 157.34it/s]", "step": null, "ts": 1621694889.1368828}]}, "version": 152}
{"obj": {"type": "LogStrings", "path": ["monitoring", "stderr"], "values": [{"value": "\r 19%|\u2588\u2589        | 128/677 [00:00<00:03, 157.19it/s]", "step": null, "ts": 1621694889.2388873}]}, "version": 153}
{"obj": {"type": "LogStrings", "path": ["monitoring", "stderr"], "values": [{"value": "\r 21%|\u2588\u2588\u258f       | 145/677 [00:00<00:03, 158.58it/s]", "step": null, "ts": 1621694889.34488}]}, "version": 154}
{"obj": {"type": "LogStrings", "path": ["monitoring", "stderr"], "values": [{"value": "\r 24%|\u2588\u2588\u258d       | 162/677 [00:01<00:03, 160.02it/s]", "step": null, "ts": 1621694889.4478786}]}, "version": 155}
{"obj": {"type": "LogStrings", "path": ["monitoring", "stderr"], "values": [{"value": "\r 26%|\u2588\u2588\u258b       | 178/677 [00:01<00:03, 158.11it/s]", "step": null, "ts": 1621694889.55288}]}, "version": 156}
{"obj": {"type": "LogStrings", "path": ["monitoring", "stderr"], "values": [{"value": "\r 29%|\u2588\u2588\u2589       | 195/677 [00:01<00:03, 160.59it/s]", "step": null, "ts": 1621694889.65488}]}, "version": 157}
{"obj": {"type": "LogStrings", "path": ["monitoring", "stderr"], "values": [{"value": "\r 31%|\u2588\u2588\u2588       | 211/677 [00:01<00:02, 156.64it/s]", "step": null, "ts": 1621694889.76288}]}, "version": 158}
{"obj": {"type": "LogStrings", "path": ["monitoring", "stderr"], "values": [{"value": "\r 34%|\u2588\u2588\u2588\u258e      | 227/677 [00:01<00:02, 153.55it/s]", "step": null, "ts": 1621694889.87088}]}, "version": 159}
{"obj": {"type": "LogStrings", "path": ["monitoring", "stderr"], "values": [{"value": "\r 36%|\u2588\u2588\u2588\u258c      | 244/677 [00:01<00:02, 158.14it/s]", "step": null, "ts": 1621694889.9718838}]}, "version": 160}
{"obj": {"type": "LogStrings", "path": ["monitoring", "stderr"], "values": [{"value": "\r 39%|\u2588\u2588\u2588\u258a      | 261/677 [00:01<00:02, 160.60it/s]", "step": null, "ts": 1621694890.0738804}]}, "version": 161}
{"obj": {"type": "LogStrings", "path": ["monitoring", "stderr"], "values": [{"value": "\r 41%|\u2588\u2588\u2588\u2588      | 278/677 [00:01<00:02, 162.38it/s]", "step": null, "ts": 1621694890.174879}]}, "version": 162}
{"obj": {"type": "LogStrings", "path": ["monitoring", "stderr"], "values": [{"value": "\r 44%|\u2588\u2588\u2588\u2588\u258e     | 295/677 [00:01<00:02, 164.59it/s]", "step": null, "ts": 1621694890.275881}]}, "version": 163}
{"obj": {"type": "LogStrings", "path": ["monitoring", "stderr"], "values": [{"value": "\r 46%|\u2588\u2588\u2588\u2588\u258c     | 312/677 [00:01<00:02, 163.30it/s]", "step": null, "ts": 1621694890.3808804}]}, "version": 164}
{"obj": {"type": "LogStrings", "path": ["monitoring", "stderr"], "values": [{"value": "\r 49%|\u2588\u2588\u2588\u2588\u258a     | 329/677 [00:02<00:02, 158.33it/s]", "step": null, "ts": 1621694890.49588}]}, "version": 165}
{"obj": {"type": "LogStrings", "path": ["monitoring", "stderr"], "values": [{"value": "\r 51%|\u2588\u2588\u2588\u2588\u2588     | 345/677 [00:02<00:02, 156.96it/s]", "step": null, "ts": 1621694890.59988}]}, "version": 166}
{"obj": {"type": "LogStrings", "path": ["monitoring", "stderr"], "values": [{"value": "\r 54%|\u2588\u2588\u2588\u2588\u2588\u258e    | 363/677 [00:02<00:01, 161.04it/s]", "step": null, "ts": 1621694890.704879}]}, "version": 167}
{"obj": {"type": "LogStrings", "path": ["monitoring", "stderr"], "values": [{"value": "\r 56%|\u2588\u2588\u2588\u2588\u2588\u258b    | 381/677 [00:02<00:01, 164.02it/s]", "step": null, "ts": 1621694890.809881}]}, "version": 168}
{"obj": {"type": "LogStrings", "path": ["monitoring", "stderr"], "values": [{"value": "\r 59%|\u2588\u2588\u2588\u2588\u2588\u2589    | 398/677 [00:02<00:01, 161.06it/s]", "step": null, "ts": 1621694890.9208796}]}, "version": 169}
{"obj": {"type": "LogStrings", "path": ["monitoring", "stderr"], "values": [{"value": "\r 61%|\u2588\u2588\u2588\u2588\u2588\u2588\u258f   | 415/677 [00:02<00:01, 162.70it/s]", "step": null, "ts": 1621694891.0228813}]}, "version": 170}
{"obj": {"type": "LogStrings", "path": ["monitoring", "stderr"], "values": [{"value": "\r 64%|\u2588\u2588\u2588\u2588\u2588\u2588\u258d   | 433/677 [00:02<00:01, 166.60it/s]", "step": null, "ts": 1621694891.1248796}]}, "version": 171}
{"obj": {"type": "LogStrings", "path": ["monitoring", "stderr"], "values": [{"value": "\r 66%|\u2588\u2588\u2588\u2588\u2588\u2588\u258b   | 450/677 [00:02<00:01, 164.68it/s]", "step": null, "ts": 1621694891.2298791}]}, "version": 172}
{"obj": {"type": "LogStrings", "path": ["monitoring", "stderr"], "values": [{"value": "\r 69%|\u2588\u2588\u2588\u2588\u2588\u2588\u2589   | 467/677 [00:02<00:01, 163.37it/s]", "step": null, "ts": 1621694891.3368843}]}, "version": 173}
{"obj": {"type": "LogStrings", "path": ["monitoring", "stderr"], "values": [{"value": "\r 71%|\u2588\u2588\u2588\u2588\u2588\u2588\u2588\u258f  | 484/677 [00:03<00:01, 164.34it/s]", "step": null, "ts": 1621694891.4388816}]}, "version": 174}
{"obj": {"type": "LogStrings", "path": ["monitoring", "stderr"], "values": [{"value": "\r 74%|\u2588\u2588\u2588\u2588\u2588\u2588\u2588\u258d  | 501/677 [00:03<00:01, 160.82it/s]", "step": null, "ts": 1621694891.548881}]}, "version": 175}
{"obj": {"type": "LogStrings", "path": ["monitoring", "stderr"], "values": [{"value": "\r 77%|\u2588\u2588\u2588\u2588\u2588\u2588\u2588\u258b  | 518/677 [00:03<00:00, 163.00it/s]", "step": null, "ts": 1621694891.6498787}]}, "version": 176}
{"obj": {"type": "LogStrings", "path": ["monitoring", "stderr"], "values": [{"value": "\r 79%|\u2588\u2588\u2588\u2588\u2588\u2588\u2588\u2589  | 535/677 [00:03<00:00, 161.74it/s]", "step": null, "ts": 1621694891.756879}]}, "version": 177}
{"obj": {"type": "LogStrings", "path": ["monitoring", "stderr"], "values": [{"value": "\r 82%|\u2588\u2588\u2588\u2588\u2588\u2588\u2588\u2588\u258f | 552/677 [00:03<00:00, 161.79it/s]", "step": null, "ts": 1621694891.8618805}]}, "version": 178}
{"obj": {"type": "LogStrings", "path": ["monitoring", "stderr"], "values": [{"value": "\r 84%|\u2588\u2588\u2588\u2588\u2588\u2588\u2588\u2588\u258d | 569/677 [00:03<00:00, 162.75it/s]", "step": null, "ts": 1621694891.9648829}]}, "version": 179}
{"obj": {"type": "LogStrings", "path": ["monitoring", "stderr"], "values": [{"value": "\r 87%|\u2588\u2588\u2588\u2588\u2588\u2588\u2588\u2588\u258b | 587/677 [00:03<00:00, 166.64it/s]", "step": null, "ts": 1621694892.0678816}]}, "version": 180}
{"obj": {"type": "LogStrings", "path": ["monitoring", "stderr"], "values": [{"value": "\r 89%|\u2588\u2588\u2588\u2588\u2588\u2588\u2588\u2588\u2589 | 604/677 [00:03<00:00, 164.23it/s]", "step": null, "ts": 1621694892.1748796}]}, "version": 181}
{"obj": {"type": "LogStrings", "path": ["monitoring", "stderr"], "values": [{"value": "\r 92%|\u2588\u2588\u2588\u2588\u2588\u2588\u2588\u2588\u2588\u258f| 621/677 [00:03<00:00, 165.92it/s]", "step": null, "ts": 1621694892.2748866}]}, "version": 182}
{"obj": {"type": "LogStrings", "path": ["monitoring", "stderr"], "values": [{"value": "\r 94%|\u2588\u2588\u2588\u2588\u2588\u2588\u2588\u2588\u2588\u258d| 638/677 [00:03<00:00, 164.70it/s]", "step": null, "ts": 1621694892.3798797}]}, "version": 183}
{"obj": {"type": "LogStrings", "path": ["monitoring", "stderr"], "values": [{"value": "\r 97%|\u2588\u2588\u2588\u2588\u2588\u2588\u2588\u2588\u2588\u258b| 656/677 [00:04<00:00, 167.12it/s]", "step": null, "ts": 1621694892.4838793}]}, "version": 184}
{"obj": {"type": "LogStrings", "path": ["monitoring", "stderr"], "values": [{"value": "\r 99%|\u2588\u2588\u2588\u2588\u2588\u2588\u2588\u2588\u2588\u2589| 673/677 [00:04<00:00, 162.67it/s]", "step": null, "ts": 1621694892.5948796}]}, "version": 185}
{"obj": {"type": "LogStrings", "path": ["monitoring", "stderr"], "values": [{"value": "", "step": null, "ts": 1621694892.6218858}]}, "version": 186}
{"obj": {"type": "LogStrings", "path": ["monitoring", "stderr"], "values": [{"value": "\r100%|\u2588\u2588\u2588\u2588\u2588\u2588\u2588\u2588\u2588\u2588| 677/677 [00:04<00:00, 160.88it/s]", "step": null, "ts": 1621694892.6218858}]}, "version": 187}
{"obj": {"type": "LogStrings", "path": ["monitoring", "stderr"], "values": [{"value": "\n", "step": null, "ts": 1621694892.6228812}]}, "version": 188}
{"obj": {"type": "LogFloats", "path": ["monitoring", "cpu"], "values": [{"value": 72.4, "step": null, "ts": 1621694894.2938795}]}, "version": 189}
{"obj": {"type": "LogFloats", "path": ["monitoring", "memory"], "values": [{"value": 15.683238983154297, "step": null, "ts": 1621694894.2938795}]}, "version": 190}
{"obj": {"type": "LogFloats", "path": ["monitoring", "gpu"], "values": [{"value": 21.0, "step": null, "ts": 1621694894.2938795}]}, "version": 191}
{"obj": {"type": "LogFloats", "path": ["monitoring", "gpu_memory"], "values": [{"value": 0.8905487060546875, "step": null, "ts": 1621694894.2938795}]}, "version": 192}
{"obj": {"type": "LogStrings", "path": ["monitoring", "stderr"], "values": [{"value": "\r  0%|          | 0/10 [00:00<?, ?it/s]", "step": null, "ts": 1621694899.9527678}]}, "version": 193}
{"obj": {"type": "LogStrings", "path": ["monitoring", "stdout"], "values": [{"value": "train", "step": null, "ts": 1621694899.959762}]}, "version": 194}
{"obj": {"type": "LogStrings", "path": ["monitoring", "stdout"], "values": [{"value": "\n", "step": null, "ts": 1621694899.959762}]}, "version": 195}
{"obj": {"type": "LogStrings", "path": ["monitoring", "stderr"], "values": [{"value": "C:\\Users\\cdami\\Anaconda3\\lib\\site-packages\\torch\\nn\\functional.py:1628: UserWarning: nn.functional.tanh is deprecated. Use torch.tanh instead.\n  warnings.warn(\"nn.functional.tanh is deprecated. Use torch.tanh instead.\")\n", "step": null, "ts": 1621694903.422185}]}, "version": 196}
{"obj": {"type": "LogFloats", "path": ["monitoring", "cpu"], "values": [{"value": 58.5, "step": null, "ts": 1621694904.3701837}]}, "version": 197}
{"obj": {"type": "LogFloats", "path": ["monitoring", "memory"], "values": [{"value": 15.144248962402344, "step": null, "ts": 1621694904.3701837}]}, "version": 198}
{"obj": {"type": "LogFloats", "path": ["monitoring", "gpu"], "values": [{"value": 42.0, "step": null, "ts": 1621694904.3701837}]}, "version": 199}
{"obj": {"type": "LogFloats", "path": ["monitoring", "gpu_memory"], "values": [{"value": 4.097347259521484, "step": null, "ts": 1621694904.3701837}]}, "version": 200}
{"obj": {"type": "LogFloats", "path": ["monitoring", "cpu"], "values": [{"value": 61.1, "step": null, "ts": 1621694914.3971834}]}, "version": 201}
{"obj": {"type": "LogFloats", "path": ["monitoring", "memory"], "values": [{"value": 14.44989013671875, "step": null, "ts": 1621694914.3971834}]}, "version": 202}
{"obj": {"type": "LogFloats", "path": ["monitoring", "gpu"], "values": [{"value": 99.0, "step": null, "ts": 1621694914.3971834}]}, "version": 203}
{"obj": {"type": "LogFloats", "path": ["monitoring", "gpu_memory"], "values": [{"value": 4.106346130371094, "step": null, "ts": 1621694914.3971834}]}, "version": 204}
{"obj": {"type": "LogFloats", "path": ["monitoring", "cpu"], "values": [{"value": 60.7, "step": null, "ts": 1621694924.4071836}]}, "version": 205}
{"obj": {"type": "LogFloats", "path": ["monitoring", "memory"], "values": [{"value": 14.475250244140625, "step": null, "ts": 1621694924.4071836}]}, "version": 206}
{"obj": {"type": "LogFloats", "path": ["monitoring", "gpu"], "values": [{"value": 98.0, "step": null, "ts": 1621694924.4071836}]}, "version": 207}
{"obj": {"type": "LogFloats", "path": ["monitoring", "gpu_memory"], "values": [{"value": 4.092552185058594, "step": null, "ts": 1621694924.4071836}]}, "version": 208}
{"obj": {"type": "LogFloats", "path": ["monitoring", "cpu"], "values": [{"value": 56.2, "step": null, "ts": 1621694934.4141836}]}, "version": 209}
{"obj": {"type": "LogFloats", "path": ["monitoring", "memory"], "values": [{"value": 14.48183822631836, "step": null, "ts": 1621694934.4141836}]}, "version": 210}
{"obj": {"type": "LogFloats", "path": ["monitoring", "gpu"], "values": [{"value": 99.0, "step": null, "ts": 1621694934.4141836}]}, "version": 211}
{"obj": {"type": "LogFloats", "path": ["monitoring", "gpu_memory"], "values": [{"value": 4.098663330078125, "step": null, "ts": 1621694934.4141836}]}, "version": 212}
{"obj": {"type": "LogStrings", "path": ["monitoring", "stderr"], "values": [{"value": "", "step": null, "ts": 1621694934.6841846}]}, "version": 213}
{"obj": {"type": "LogStrings", "path": ["monitoring", "stderr"], "values": [{"value": "\r  0%|          | 0/10 [00:34<?, ?it/s]", "step": null, "ts": 1621694934.6841846}]}, "version": 214}
{"obj": {"type": "LogStrings", "path": ["monitoring", "stderr"], "values": [{"value": "\n", "step": null, "ts": 1621694934.685186}]}, "version": 215}
{"obj": {"type": "LogFloats", "path": ["monitoring", "cpu"], "values": [{"value": 13.7, "step": null, "ts": 1621694944.421504}]}, "version": 216}
{"obj": {"type": "LogFloats", "path": ["monitoring", "memory"], "values": [{"value": 14.5523681640625, "step": null, "ts": 1621694944.421504}]}, "version": 217}
{"obj": {"type": "LogFloats", "path": ["monitoring", "gpu"], "values": [{"value": 5.0, "step": null, "ts": 1621694944.421504}]}, "version": 218}
{"obj": {"type": "LogFloats", "path": ["monitoring", "gpu_memory"], "values": [{"value": 4.176414489746094, "step": null, "ts": 1621694944.421504}]}, "version": 219}
{"obj": {"type": "LogFloats", "path": ["monitoring", "cpu"], "values": [{"value": 12.3, "step": null, "ts": 1621694954.4379187}]}, "version": 220}
{"obj": {"type": "LogFloats", "path": ["monitoring", "memory"], "values": [{"value": 14.669254302978516, "step": null, "ts": 1621694954.4379187}]}, "version": 221}
{"obj": {"type": "LogFloats", "path": ["monitoring", "gpu"], "values": [{"value": 55.0, "step": null, "ts": 1621694954.4379187}]}, "version": 222}
{"obj": {"type": "LogFloats", "path": ["monitoring", "gpu_memory"], "values": [{"value": 4.188377380371094, "step": null, "ts": 1621694954.4379187}]}, "version": 223}
{"obj": {"type": "LogFloats", "path": ["monitoring", "cpu"], "values": [{"value": 12.4, "step": null, "ts": 1621694964.4544728}]}, "version": 224}
{"obj": {"type": "LogFloats", "path": ["monitoring", "memory"], "values": [{"value": 14.74227523803711, "step": null, "ts": 1621694964.4544728}]}, "version": 225}
{"obj": {"type": "LogFloats", "path": ["monitoring", "gpu"], "values": [{"value": 28.0, "step": null, "ts": 1621694964.4544728}]}, "version": 226}
{"obj": {"type": "LogFloats", "path": ["monitoring", "gpu_memory"], "values": [{"value": 4.20489501953125, "step": null, "ts": 1621694964.4544728}]}, "version": 227}
{"obj": {"type": "LogFloats", "path": ["monitoring", "cpu"], "values": [{"value": 17.3, "step": null, "ts": 1621694974.4683983}]}, "version": 228}
{"obj": {"type": "LogFloats", "path": ["monitoring", "memory"], "values": [{"value": 14.736976623535156, "step": null, "ts": 1621694974.4683983}]}, "version": 229}
{"obj": {"type": "LogFloats", "path": ["monitoring", "gpu"], "values": [{"value": 48.0, "step": null, "ts": 1621694974.4683983}]}, "version": 230}
{"obj": {"type": "LogFloats", "path": ["monitoring", "gpu_memory"], "values": [{"value": 4.202262878417969, "step": null, "ts": 1621694974.4683983}]}, "version": 231}
{"obj": {"type": "LogFloats", "path": ["monitoring", "cpu"], "values": [{"value": 9.8, "step": null, "ts": 1621694984.4850962}]}, "version": 232}
{"obj": {"type": "LogFloats", "path": ["monitoring", "memory"], "values": [{"value": 14.718143463134766, "step": null, "ts": 1621694984.4850962}]}, "version": 233}
{"obj": {"type": "LogFloats", "path": ["monitoring", "gpu"], "values": [{"value": 1.0, "step": null, "ts": 1621694984.4850962}]}, "version": 234}
{"obj": {"type": "LogFloats", "path": ["monitoring", "gpu_memory"], "values": [{"value": 4.187797546386719, "step": null, "ts": 1621694984.4850962}]}, "version": 235}
{"obj": {"type": "LogFloats", "path": ["monitoring", "cpu"], "values": [{"value": 7.6, "step": null, "ts": 1621694994.5036478}]}, "version": 236}
{"obj": {"type": "LogFloats", "path": ["monitoring", "memory"], "values": [{"value": 14.733112335205078, "step": null, "ts": 1621694994.5036478}]}, "version": 237}
{"obj": {"type": "LogFloats", "path": ["monitoring", "gpu"], "values": [{"value": 7.0, "step": null, "ts": 1621694994.5036478}]}, "version": 238}
{"obj": {"type": "LogFloats", "path": ["monitoring", "gpu_memory"], "values": [{"value": 4.194145202636719, "step": null, "ts": 1621694994.5036478}]}, "version": 239}
{"obj": {"type": "LogFloats", "path": ["monitoring", "cpu"], "values": [{"value": 16.0, "step": null, "ts": 1621695004.508378}]}, "version": 240}
{"obj": {"type": "LogFloats", "path": ["monitoring", "memory"], "values": [{"value": 14.128067016601562, "step": null, "ts": 1621695004.508378}]}, "version": 241}
{"obj": {"type": "LogFloats", "path": ["monitoring", "gpu"], "values": [{"value": 6.0, "step": null, "ts": 1621695004.508378}]}, "version": 242}
{"obj": {"type": "LogFloats", "path": ["monitoring", "gpu_memory"], "values": [{"value": 4.194633483886719, "step": null, "ts": 1621695004.508378}]}, "version": 243}
{"obj": {"type": "LogFloats", "path": ["monitoring", "cpu"], "values": [{"value": 23.6, "step": null, "ts": 1621695014.5189643}]}, "version": 244}
{"obj": {"type": "LogFloats", "path": ["monitoring", "memory"], "values": [{"value": 12.70572280883789, "step": null, "ts": 1621695014.5189643}]}, "version": 245}
{"obj": {"type": "LogFloats", "path": ["monitoring", "gpu"], "values": [{"value": 14.0, "step": null, "ts": 1621695014.5189643}]}, "version": 246}
{"obj": {"type": "LogFloats", "path": ["monitoring", "gpu_memory"], "values": [{"value": 4.188957214355469, "step": null, "ts": 1621695014.5189643}]}, "version": 247}
{"obj": {"type": "LogFloats", "path": ["monitoring", "cpu"], "values": [{"value": 7.8, "step": null, "ts": 1621695024.5309103}]}, "version": 248}
{"obj": {"type": "LogFloats", "path": ["monitoring", "memory"], "values": [{"value": 12.718025207519531, "step": null, "ts": 1621695024.5309103}]}, "version": 249}
{"obj": {"type": "LogFloats", "path": ["monitoring", "gpu"], "values": [{"value": 7.0, "step": null, "ts": 1621695024.5309103}]}, "version": 250}
{"obj": {"type": "LogFloats", "path": ["monitoring", "gpu_memory"], "values": [{"value": 4.198478698730469, "step": null, "ts": 1621695024.5309103}]}, "version": 251}
{"obj": {"type": "LogFloats", "path": ["monitoring", "cpu"], "values": [{"value": 12.3, "step": null, "ts": 1621695034.5356183}]}, "version": 252}
{"obj": {"type": "LogFloats", "path": ["monitoring", "memory"], "values": [{"value": 12.762245178222656, "step": null, "ts": 1621695034.5356183}]}, "version": 253}
{"obj": {"type": "LogFloats", "path": ["monitoring", "gpu"], "values": [{"value": 5.0, "step": null, "ts": 1621695034.5356183}]}, "version": 254}
{"obj": {"type": "LogFloats", "path": ["monitoring", "gpu_memory"], "values": [{"value": 4.232658386230469, "step": null, "ts": 1621695034.5356183}]}, "version": 255}
{"obj": {"type": "LogFloats", "path": ["monitoring", "cpu"], "values": [{"value": 9.1, "step": null, "ts": 1621695044.5454865}]}, "version": 256}
{"obj": {"type": "LogFloats", "path": ["monitoring", "memory"], "values": [{"value": 12.826778411865234, "step": null, "ts": 1621695044.5454865}]}, "version": 257}
{"obj": {"type": "LogFloats", "path": ["monitoring", "gpu"], "values": [{"value": 6.0, "step": null, "ts": 1621695044.5454865}]}, "version": 258}
{"obj": {"type": "LogFloats", "path": ["monitoring", "gpu_memory"], "values": [{"value": 4.2212066650390625, "step": null, "ts": 1621695044.5454865}]}, "version": 259}
{"obj": {"type": "LogStrings", "path": ["monitoring", "stdout"], "values": [{"value": "['AnomalyDataset', 'Compose', 'ConvLSTM', 'Dataset', 'F', 'Image', 'Path', 'Resize', 'SpatialEncoder', 'ToPILImage', 'ToTensor', 'X_batch', 'batch_loss_train', 'data_set', 'device', 'epochs', 'generate_stride_set', 'i', 'loss', 'loss_val', 'losses_test', 'losses_train', 'model', 'namedtuple', 'neptune', 'nn', 'np', 'optimizer', 'os', 'pd', 'plt', 'predictions', 'run', 'set_test', 'set_train', 'sio', 'stride_1_set', 'stride_2_set', 'stride_3_set', 'sys', 'test_loader', 'torch', 'tqdm', 'train_loader', 'training_videos_path', 'transfms', 'transform', 'video1', 'videodata']", "step": null, "ts": 1621695045.353342}]}, "version": 260}
{"obj": {"type": "LogStrings", "path": ["monitoring", "stdout"], "values": [{"value": "\n", "step": null, "ts": 1621695045.353342}]}, "version": 261}
{"obj": {"type": "LogStrings", "path": ["monitoring", "stdout"], "values": [{"value": "['AnomalyDataset', 'Compose', 'ConvLSTM', 'Dataset', 'F', 'Image', 'Path', 'Resize', 'SpatialEncoder', 'ToPILImage', 'ToTensor', 'X_batch', 'batch_loss_train', 'data_set', 'device', 'epochs', 'generate_stride_set', 'i', 'loss', 'loss_val', 'losses_test', 'losses_train', 'model', 'namedtuple', 'neptune', 'nn', 'np', 'optimizer', 'os', 'pd', 'plt', 'predictions', 'run', 'set_test', 'set_train', 'sio', 'stride_1_set', 'stride_2_set', 'stride_3_set', 'sys', 'test_loader', 'torch', 'tqdm', 'train_loader', 'training_videos_path', 'transfms', 'transform', 'video1', 'videodata']", "step": null, "ts": 1621695049.8582952}]}, "version": 262}
{"obj": {"type": "LogStrings", "path": ["monitoring", "stdout"], "values": [{"value": "\n", "step": null, "ts": 1621695049.8592937}]}, "version": 263}
{"obj": {"type": "LogStrings", "path": ["monitoring", "stdout"], "values": [{"value": "['AnomalyDataset', 'Compose', 'ConvLSTM', 'Dataset', 'F', 'Image', 'Path', 'Resize', 'SpatialEncoder', 'ToPILImage', 'ToTensor', 'X_batch', 'batch_loss_train', 'data_set', 'device', 'epochs', 'generate_stride_set', 'i', 'loss', 'loss_val', 'losses_test', 'losses_train', 'model', 'namedtuple', 'neptune', 'nn', 'np', 'optimizer', 'os', 'pd', 'plt', 'predictions', 'run', 'set_test', 'set_train', 'sio', 'stride_1_set', 'stride_2_set', 'stride_3_set', 'sys', 'test_loader', 'torch', 'tqdm', 'train_loader', 'training_videos_path', 'transfms', 'transform', 'video1', 'videodata']", "step": null, "ts": 1621695050.05939}]}, "version": 264}
{"obj": {"type": "LogStrings", "path": ["monitoring", "stdout"], "values": [{"value": "\n", "step": null, "ts": 1621695050.060385}]}, "version": 265}
{"obj": {"type": "LogStrings", "path": ["monitoring", "stdout"], "values": [{"value": "['AnomalyDataset', 'Compose', 'ConvLSTM', 'Dataset', 'F', 'Image', 'Path', 'Resize', 'SpatialEncoder', 'ToPILImage', 'ToTensor', 'X_batch', 'batch_loss_train', 'data_set', 'device', 'epochs', 'generate_stride_set', 'i', 'loss', 'loss_val', 'losses_test', 'losses_train', 'model', 'namedtuple', 'neptune', 'nn', 'np', 'optimizer', 'os', 'pd', 'plt', 'predictions', 'run', 'set_test', 'set_train', 'sio', 'stride_1_set', 'stride_2_set', 'stride_3_set', 'sys', 'test_loader', 'torch', 'tqdm', 'train_loader', 'training_videos_path', 'transfms', 'transform', 'video1', 'videodata']", "step": null, "ts": 1621695050.273355}]}, "version": 266}
{"obj": {"type": "LogStrings", "path": ["monitoring", "stdout"], "values": [{"value": "\n", "step": null, "ts": 1621695050.273355}]}, "version": 267}
{"obj": {"type": "LogStrings", "path": ["monitoring", "stdout"], "values": [{"value": "['AnomalyDataset', 'Compose', 'ConvLSTM', 'Dataset', 'F', 'Image', 'Path', 'Resize', 'SpatialEncoder', 'ToPILImage', 'ToTensor', 'X_batch', 'batch_loss_train', 'data_set', 'device', 'epochs', 'generate_stride_set', 'i', 'loss', 'loss_val', 'losses_test', 'losses_train', 'model', 'namedtuple', 'neptune', 'nn', 'np', 'optimizer', 'os', 'pd', 'plt', 'predictions', 'run', 'set_test', 'set_train', 'sio', 'stride_1_set', 'stride_2_set', 'stride_3_set', 'sys', 'test_loader', 'torch', 'tqdm', 'train_loader', 'training_videos_path', 'transfms', 'transform', 'video1', 'videodata']", "step": null, "ts": 1621695054.4261155}]}, "version": 268}
{"obj": {"type": "LogStrings", "path": ["monitoring", "stdout"], "values": [{"value": "\n", "step": null, "ts": 1621695054.427129}]}, "version": 269}
{"obj": {"type": "LogFloats", "path": ["monitoring", "cpu"], "values": [{"value": 15.8, "step": null, "ts": 1621695054.5511248}]}, "version": 270}
{"obj": {"type": "LogFloats", "path": ["monitoring", "memory"], "values": [{"value": 12.945262908935547, "step": null, "ts": 1621695054.5511248}]}, "version": 271}
{"obj": {"type": "LogFloats", "path": ["monitoring", "gpu"], "values": [{"value": 7.0, "step": null, "ts": 1621695054.5511248}]}, "version": 272}
{"obj": {"type": "LogFloats", "path": ["monitoring", "gpu_memory"], "values": [{"value": 4.2054595947265625, "step": null, "ts": 1621695054.5511248}]}, "version": 273}
{"obj": {"type": "LogStrings", "path": ["monitoring", "stdout"], "values": [{"value": "['AnomalyDataset', 'Compose', 'ConvLSTM', 'Dataset', 'F', 'Image', 'Path', 'Resize', 'SpatialEncoder', 'ToPILImage', 'ToTensor', 'X_batch', 'batch_loss_train', 'data_set', 'device', 'epochs', 'generate_stride_set', 'i', 'loss', 'loss_val', 'losses_test', 'losses_train', 'model', 'namedtuple', 'neptune', 'nn', 'np', 'optimizer', 'os', 'pd', 'plt', 'predictions', 'run', 'set_test', 'set_train', 'sio', 'stride_1_set', 'stride_2_set', 'stride_3_set', 'sys', 'test_loader', 'torch', 'tqdm', 'train_loader', 'training_videos_path', 'transfms', 'transform', 'video1', 'videodata']", "step": null, "ts": 1621695056.4038272}]}, "version": 274}
{"obj": {"type": "LogStrings", "path": ["monitoring", "stdout"], "values": [{"value": "\n", "step": null, "ts": 1621695056.4038272}]}, "version": 275}
{"obj": {"type": "LogStrings", "path": ["monitoring", "stdout"], "values": [{"value": "['AnomalyDataset', 'Compose', 'ConvLSTM', 'Dataset', 'F', 'Image', 'Path', 'Resize', 'SpatialEncoder', 'ToPILImage', 'ToTensor', 'X_batch', 'batch_loss_train', 'data_set', 'device', 'epochs', 'generate_stride_set', 'i', 'loss', 'loss_val', 'losses_test', 'losses_train', 'model', 'namedtuple', 'neptune', 'nn', 'np', 'optimizer', 'os', 'pd', 'plt', 'predictions', 'run', 'set_test', 'set_train', 'sio', 'stride_1_set', 'stride_2_set', 'stride_3_set', 'sys', 'test_loader', 'torch', 'tqdm', 'train_loader', 'training_videos_path', 'transfms', 'transform', 'video1', 'videodata']", "step": null, "ts": 1621695057.0263877}]}, "version": 276}
{"obj": {"type": "LogStrings", "path": ["monitoring", "stdout"], "values": [{"value": "\n", "step": null, "ts": 1621695057.0263877}]}, "version": 277}
{"obj": {"type": "LogStrings", "path": ["monitoring", "stdout"], "values": [{"value": "['AnomalyDataset', 'Compose', 'ConvLSTM', 'Dataset', 'F', 'Image', 'Path', 'Resize', 'SpatialEncoder', 'ToPILImage', 'ToTensor', 'X_batch', 'batch_loss_train', 'data_set', 'device', 'epochs', 'generate_stride_set', 'i', 'loss', 'loss_val', 'losses_test', 'losses_train', 'model', 'namedtuple', 'neptune', 'nn', 'np', 'optimizer', 'os', 'pd', 'plt', 'predictions', 'run', 'set_test', 'set_train', 'sio', 'stride_1_set', 'stride_2_set', 'stride_3_set', 'sys', 'test_loader', 'torch', 'tqdm', 'train_loader', 'training_videos_path', 'transfms', 'transform', 'video1', 'videodata']", "step": null, "ts": 1621695062.5128953}]}, "version": 278}
{"obj": {"type": "LogStrings", "path": ["monitoring", "stdout"], "values": [{"value": "\n", "step": null, "ts": 1621695062.5128953}]}, "version": 279}
{"obj": {"type": "LogStrings", "path": ["monitoring", "stdout"], "values": [{"value": "['AnomalyDataset', 'Compose', 'ConvLSTM', 'Dataset', 'F', 'Image', 'Path', 'Resize', 'SpatialEncoder', 'ToPILImage', 'ToTensor', 'X_batch', 'batch_loss_train', 'data_set', 'device', 'epochs', 'generate_stride_set', 'i', 'loss', 'loss_val', 'losses_test', 'losses_train', 'model', 'namedtuple', 'neptune', 'nn', 'np', 'optimizer', 'os', 'pd', 'plt', 'predictions', 'run', 'set_test', 'set_train', 'sio', 'stride_1_set', 'stride_2_set', 'stride_3_set', 'sys', 'test_loader', 'torch', 'tqdm', 'train_loader', 'training_videos_path', 'transfms', 'transform', 'video1', 'videodata']", "step": null, "ts": 1621695063.5227072}]}, "version": 280}
{"obj": {"type": "LogStrings", "path": ["monitoring", "stdout"], "values": [{"value": "\n", "step": null, "ts": 1621695063.5227072}]}, "version": 281}
{"obj": {"type": "LogFloats", "path": ["monitoring", "cpu"], "values": [{"value": 14.0, "step": null, "ts": 1621695064.5685794}]}, "version": 282}
{"obj": {"type": "LogFloats", "path": ["monitoring", "memory"], "values": [{"value": 13.01303482055664, "step": null, "ts": 1621695064.5685794}]}, "version": 283}
{"obj": {"type": "LogFloats", "path": ["monitoring", "gpu"], "values": [{"value": 27.0, "step": null, "ts": 1621695064.5685794}]}, "version": 284}
{"obj": {"type": "LogFloats", "path": ["monitoring", "gpu_memory"], "values": [{"value": 4.2614288330078125, "step": null, "ts": 1621695064.5685794}]}, "version": 285}
{"obj": {"type": "LogStrings", "path": ["monitoring", "stdout"], "values": [{"value": "['AnomalyDataset', 'Compose', 'ConvLSTM', 'Dataset', 'F', 'Image', 'Path', 'Resize', 'SpatialEncoder', 'ToPILImage', 'ToTensor', 'X_batch', 'batch_loss_train', 'data_set', 'device', 'epochs', 'generate_stride_set', 'i', 'loss', 'loss_val', 'losses_test', 'losses_train', 'model', 'namedtuple', 'neptune', 'nn', 'np', 'optimizer', 'os', 'pd', 'plt', 'predictions', 'run', 'set_test', 'set_train', 'sio', 'stride_1_set', 'stride_2_set', 'stride_3_set', 'sys', 'test_loader', 'torch', 'tqdm', 'train_loader', 'training_videos_path', 'transfms', 'transform', 'video1', 'videodata']", "step": null, "ts": 1621695065.5571308}]}, "version": 286}
{"obj": {"type": "LogStrings", "path": ["monitoring", "stdout"], "values": [{"value": "\n", "step": null, "ts": 1621695065.5581338}]}, "version": 287}
{"obj": {"type": "LogStrings", "path": ["monitoring", "stdout"], "values": [{"value": "['AnomalyDataset', 'Compose', 'ConvLSTM', 'Dataset', 'F', 'Image', 'Path', 'Resize', 'SpatialEncoder', 'ToPILImage', 'ToTensor', 'X_batch', 'batch_loss_train', 'data_set', 'device', 'epochs', 'generate_stride_set', 'i', 'loss', 'loss_val', 'losses_test', 'losses_train', 'model', 'namedtuple', 'neptune', 'nn', 'np', 'optimizer', 'os', 'pd', 'plt', 'predictions', 'run', 'set_test', 'set_train', 'sio', 'stride_1_set', 'stride_2_set', 'stride_3_set', 'sys', 'test_loader', 'torch', 'tqdm', 'train_loader', 'training_videos_path', 'transfms', 'transform', 'video1', 'videodata']", "step": null, "ts": 1621695066.814502}]}, "version": 288}
{"obj": {"type": "LogStrings", "path": ["monitoring", "stdout"], "values": [{"value": "\n", "step": null, "ts": 1621695066.814502}]}, "version": 289}
{"obj": {"type": "LogStrings", "path": ["monitoring", "stdout"], "values": [{"value": "['AnomalyDataset', 'Compose', 'ConvLSTM', 'Dataset', 'F', 'Image', 'Path', 'Resize', 'SpatialEncoder', 'ToPILImage', 'ToTensor', 'X_batch', 'batch_loss_train', 'data_set', 'device', 'epochs', 'generate_stride_set', 'i', 'loss', 'loss_val', 'losses_test', 'losses_train', 'model', 'namedtuple', 'neptune', 'nn', 'np', 'optimizer', 'os', 'pd', 'plt', 'predictions', 'run', 'set_test', 'set_train', 'sio', 'stride_1_set', 'stride_2_set', 'stride_3_set', 'sys', 'test_loader', 'torch', 'tqdm', 'train_loader', 'training_videos_path', 'transfms', 'transform', 'video1', 'videodata']", "step": null, "ts": 1621695067.2742186}]}, "version": 290}
{"obj": {"type": "LogStrings", "path": ["monitoring", "stdout"], "values": [{"value": "\n", "step": null, "ts": 1621695067.2742186}]}, "version": 291}
{"obj": {"type": "LogStrings", "path": ["monitoring", "stdout"], "values": [{"value": "['AnomalyDataset', 'Compose', 'ConvLSTM', 'Dataset', 'F', 'Image', 'Path', 'Resize', 'SpatialEncoder', 'ToPILImage', 'ToTensor', 'X_batch', 'batch_loss_train', 'data_set', 'device', 'epochs', 'generate_stride_set', 'i', 'loss', 'loss_val', 'losses_test', 'losses_train', 'model', 'namedtuple', 'neptune', 'nn', 'np', 'optimizer', 'os', 'pd', 'plt', 'predictions', 'run', 'set_test', 'set_train', 'sio', 'stride_1_set', 'stride_2_set', 'stride_3_set', 'sys', 'test_loader', 'torch', 'tqdm', 'train_loader', 'training_videos_path', 'transfms', 'transform', 'video1', 'videodata']", "step": null, "ts": 1621695070.4522913}]}, "version": 292}
{"obj": {"type": "LogStrings", "path": ["monitoring", "stdout"], "values": [{"value": "\n", "step": null, "ts": 1621695070.4522913}]}, "version": 293}
{"obj": {"type": "LogFloats", "path": ["monitoring", "cpu"], "values": [{"value": 10.8, "step": null, "ts": 1621695074.5733852}]}, "version": 294}
{"obj": {"type": "LogFloats", "path": ["monitoring", "memory"], "values": [{"value": 13.008407592773438, "step": null, "ts": 1621695074.5733852}]}, "version": 295}
{"obj": {"type": "LogFloats", "path": ["monitoring", "gpu"], "values": [{"value": 8.0, "step": null, "ts": 1621695074.5733852}]}, "version": 296}
{"obj": {"type": "LogFloats", "path": ["monitoring", "gpu_memory"], "values": [{"value": 4.2412872314453125, "step": null, "ts": 1621695074.5733852}]}, "version": 297}
{"obj": {"type": "LogStrings", "path": ["monitoring", "stdout"], "values": [{"value": "['AnomalyDataset', 'Compose', 'ConvLSTM', 'Dataset', 'F', 'Image', 'Path', 'Resize', 'SpatialEncoder', 'ToPILImage', 'ToTensor', 'X_batch', 'batch_loss_train', 'data_set', 'device', 'epochs', 'generate_stride_set', 'i', 'loss', 'loss_val', 'losses_test', 'losses_train', 'model', 'namedtuple', 'neptune', 'nn', 'np', 'optimizer', 'os', 'pd', 'plt', 'predictions', 'run', 'set_test', 'set_train', 'sio', 'stride_1_set', 'stride_2_set', 'stride_3_set', 'sys', 'test_loader', 'torch', 'tqdm', 'train_loader', 'training_videos_path', 'transfms', 'transform', 'video1', 'videodata']", "step": null, "ts": 1621695080.2575192}]}, "version": 298}
{"obj": {"type": "LogStrings", "path": ["monitoring", "stdout"], "values": [{"value": "\n", "step": null, "ts": 1621695080.2575192}]}, "version": 299}
{"obj": {"type": "LogStrings", "path": ["monitoring", "stdout"], "values": [{"value": "['AnomalyDataset', 'Compose', 'ConvLSTM', 'Dataset', 'F', 'Image', 'Path', 'Resize', 'SpatialEncoder', 'ToPILImage', 'ToTensor', 'X_batch', 'batch_loss_train', 'data_set', 'device', 'epochs', 'generate_stride_set', 'i', 'loss', 'loss_val', 'losses_test', 'losses_train', 'model', 'namedtuple', 'neptune', 'nn', 'np', 'optimizer', 'os', 'pd', 'plt', 'predictions', 'run', 'set_test', 'set_train', 'sio', 'stride_1_set', 'stride_2_set', 'stride_3_set', 'sys', 'test_loader', 'torch', 'tqdm', 'train_loader', 'training_videos_path', 'transfms', 'transform', 'video1', 'videodata']", "step": null, "ts": 1621695080.7795136}]}, "version": 300}
{"obj": {"type": "LogStrings", "path": ["monitoring", "stdout"], "values": [{"value": "\n", "step": null, "ts": 1621695080.7805107}]}, "version": 301}
{"obj": {"type": "LogStrings", "path": ["monitoring", "stdout"], "values": [{"value": "['AnomalyDataset', 'Compose', 'ConvLSTM', 'Dataset', 'F', 'Image', 'Path', 'Resize', 'SpatialEncoder', 'ToPILImage', 'ToTensor', 'X_batch', 'batch_loss_train', 'data_set', 'device', 'epochs', 'generate_stride_set', 'i', 'loss', 'loss_val', 'losses_test', 'losses_train', 'model', 'namedtuple', 'neptune', 'nn', 'np', 'optimizer', 'os', 'pd', 'plt', 'predictions', 'run', 'set_test', 'set_train', 'sio', 'stride_1_set', 'stride_2_set', 'stride_3_set', 'sys', 'test_loader', 'torch', 'tqdm', 'train_loader', 'training_videos_path', 'transfms', 'transform', 'video1', 'videodata']", "step": null, "ts": 1621695081.0794334}]}, "version": 302}
{"obj": {"type": "LogStrings", "path": ["monitoring", "stdout"], "values": [{"value": "\n", "step": null, "ts": 1621695081.0804482}]}, "version": 303}
{"obj": {"type": "LogFloats", "path": ["monitoring", "cpu"], "values": [{"value": 12.3, "step": null, "ts": 1621695084.5778372}]}, "version": 304}
{"obj": {"type": "LogFloats", "path": ["monitoring", "memory"], "values": [{"value": 13.03701400756836, "step": null, "ts": 1621695084.5778372}]}, "version": 305}
{"obj": {"type": "LogFloats", "path": ["monitoring", "gpu"], "values": [{"value": 12.0, "step": null, "ts": 1621695084.5778372}]}, "version": 306}
{"obj": {"type": "LogFloats", "path": ["monitoring", "gpu_memory"], "values": [{"value": 4.2414703369140625, "step": null, "ts": 1621695084.5778372}]}, "version": 307}
{"obj": {"type": "LogStrings", "path": ["monitoring", "stdout"], "values": [{"value": "['AnomalyDataset', 'Compose', 'ConvLSTM', 'Dataset', 'F', 'Image', 'Path', 'Resize', 'SpatialEncoder', 'ToPILImage', 'ToTensor', 'X_batch', 'batch_loss_train', 'data_set', 'device', 'epochs', 'generate_stride_set', 'i', 'loss', 'loss_val', 'losses_test', 'losses_train', 'model', 'namedtuple', 'neptune', 'nn', 'np', 'optimizer', 'os', 'pd', 'plt', 'predictions', 'run', 'set_test', 'set_train', 'sio', 'stride_1_set', 'stride_2_set', 'stride_3_set', 'sys', 'test_loader', 'torch', 'tqdm', 'train_loader', 'training_videos_path', 'transfms', 'transform', 'video1', 'videodata']", "step": null, "ts": 1621695084.8610108}]}, "version": 308}
{"obj": {"type": "LogStrings", "path": ["monitoring", "stdout"], "values": [{"value": "\n", "step": null, "ts": 1621695084.8620026}]}, "version": 309}
{"obj": {"type": "LogStrings", "path": ["monitoring", "stdout"], "values": [{"value": "['AnomalyDataset', 'Compose', 'ConvLSTM', 'Dataset', 'F', 'Image', 'Path', 'Resize', 'SpatialEncoder', 'ToPILImage', 'ToTensor', 'X_batch', 'batch_loss_train', 'data_set', 'device', 'epochs', 'generate_stride_set', 'i', 'loss', 'loss_val', 'losses_test', 'losses_train', 'model', 'namedtuple', 'neptune', 'nn', 'np', 'optimizer', 'os', 'pd', 'plt', 'predictions', 'run', 'set_test', 'set_train', 'sio', 'stride_1_set', 'stride_2_set', 'stride_3_set', 'sys', 'test_loader', 'torch', 'tqdm', 'train_loader', 'training_videos_path', 'transfms', 'transform', 'video1', 'videodata']", "step": null, "ts": 1621695085.531877}]}, "version": 310}
{"obj": {"type": "LogStrings", "path": ["monitoring", "stdout"], "values": [{"value": "\n", "step": null, "ts": 1621695085.532867}]}, "version": 311}
