{"obj": {"type": "AssignString", "path": ["sys", "name"], "value": "Untitled"}, "version": 1}
{"obj": {"type": "AssignString", "path": ["sys", "description"], "value": ""}, "version": 2}
{"obj": {"type": "AssignString", "path": ["sys", "hostname"], "value": "LAPTOP-1SKKBU1Q"}, "version": 3}
{"obj": {"type": "AssignBool", "path": ["sys", "failed"], "value": false}, "version": 4}
{"obj": {"type": "ClearStringLog", "path": ["monitoring", "stdout"]}, "version": 5}
{"obj": {"type": "ClearStringLog", "path": ["monitoring", "stderr"]}, "version": 6}
{"obj": {"type": "ConfigFloatSeries", "path": ["monitoring", "cpu"], "min": 0.0, "max": 100.0, "unit": "%"}, "version": 7}
{"obj": {"type": "ClearFloatLog", "path": ["monitoring", "cpu"]}, "version": 8}
{"obj": {"type": "ConfigFloatSeries", "path": ["monitoring", "memory"], "min": 0.0, "max": 15.685134887695312, "unit": "GB"}, "version": 9}
{"obj": {"type": "ClearFloatLog", "path": ["monitoring", "memory"]}, "version": 10}
{"obj": {"type": "ConfigFloatSeries", "path": ["monitoring", "gpu"], "min": 0.0, "max": 100.0, "unit": "%"}, "version": 11}
{"obj": {"type": "ClearFloatLog", "path": ["monitoring", "gpu"]}, "version": 12}
{"obj": {"type": "ConfigFloatSeries", "path": ["monitoring", "gpu_memory"], "min": 0.0, "max": 6.0, "unit": "GB"}, "version": 13}
{"obj": {"type": "ClearFloatLog", "path": ["monitoring", "gpu_memory"]}, "version": 14}
{"obj": {"type": "LogStrings", "path": ["monitoring", "stdout"], "values": [{"value": "b''", "step": null, "ts": 1621695104.94542}]}, "version": 15}
{"obj": {"type": "LogStrings", "path": ["monitoring", "stdout"], "values": [{"value": "b'https://app.neptune.ai/damiankucharski/SpatioTemportal/e/SPAT-3\\r\\n'", "step": null, "ts": 1621695104.94542}]}, "version": 16}
{"obj": {"type": "LogFloats", "path": ["monitoring", "cpu"], "values": [{"value": 32.4, "step": null, "ts": 1621695104.9424236}]}, "version": 17}
{"obj": {"type": "LogFloats", "path": ["monitoring", "memory"], "values": [{"value": 6.283607482910156, "step": null, "ts": 1621695104.9424236}]}, "version": 18}
{"obj": {"type": "LogFloats", "path": ["monitoring", "gpu"], "values": [{"value": 7.0, "step": null, "ts": 1621695104.9424236}]}, "version": 19}
{"obj": {"type": "LogFloats", "path": ["monitoring", "gpu_memory"], "values": [{"value": 0.8697471618652344, "step": null, "ts": 1621695104.9424236}]}, "version": 20}
{"obj": {"type": "LogStrings", "path": ["monitoring", "stderr"], "values": [{"value": "\r  0%|          | 0/452 [00:00<?, ?it/s]", "step": null, "ts": 1621695106.1244185}]}, "version": 21}
{"obj": {"type": "LogStrings", "path": ["monitoring", "stderr"], "values": [{"value": "\r  2%|\u258f         | 11/452 [00:00<00:04, 106.80it/s]", "step": null, "ts": 1621695106.2294183}]}, "version": 22}
{"obj": {"type": "LogStrings", "path": ["monitoring", "stderr"], "values": [{"value": "\r  6%|\u258c         | 26/452 [00:00<00:03, 115.28it/s]", "step": null, "ts": 1621695106.3354182}]}, "version": 23}
{"obj": {"type": "LogStrings", "path": ["monitoring", "stderr"], "values": [{"value": "\r  9%|\u2589         | 40/452 [00:00<00:03, 120.16it/s]", "step": null, "ts": 1621695106.439418}]}, "version": 24}
{"obj": {"type": "LogStrings", "path": ["monitoring", "stderr"], "values": [{"value": "\r 11%|\u2588\u258f        | 51/452 [00:00<00:03, 115.45it/s]", "step": null, "ts": 1621695106.5444162}]}, "version": 25}
{"obj": {"type": "LogStrings", "path": ["monitoring", "stderr"], "values": [{"value": "\r 14%|\u2588\u258d        | 65/452 [00:00<00:03, 121.23it/s]", "step": null, "ts": 1621695106.6464174}]}, "version": 26}
{"obj": {"type": "LogStrings", "path": ["monitoring", "stderr"], "values": [{"value": "\r 17%|\u2588\u258b        | 79/452 [00:00<00:03, 123.96it/s]", "step": null, "ts": 1621695106.7524178}]}, "version": 27}
{"obj": {"type": "LogStrings", "path": ["monitoring", "stderr"], "values": [{"value": "\r 21%|\u2588\u2588        | 96/452 [00:00<00:02, 132.71it/s]", "step": null, "ts": 1621695106.859418}]}, "version": 28}
{"obj": {"type": "LogStrings", "path": ["monitoring", "stderr"], "values": [{"value": "\r 25%|\u2588\u2588\u258d       | 112/452 [00:00<00:02, 139.50it/s]", "step": null, "ts": 1621695106.960418}]}, "version": 29}
{"obj": {"type": "LogStrings", "path": ["monitoring", "stderr"], "values": [{"value": "\r 29%|\u2588\u2588\u258a       | 129/452 [00:00<00:02, 146.67it/s]", "step": null, "ts": 1621695107.062418}]}, "version": 30}
{"obj": {"type": "LogStrings", "path": ["monitoring", "stderr"], "values": [{"value": "\r 33%|\u2588\u2588\u2588\u258e      | 148/452 [00:01<00:01, 155.51it/s]", "step": null, "ts": 1621695107.1684177}]}, "version": 31}
{"obj": {"type": "LogStrings", "path": ["monitoring", "stderr"], "values": [{"value": "\r 37%|\u2588\u2588\u2588\u258b      | 166/452 [00:01<00:01, 159.54it/s]", "step": null, "ts": 1621695107.2734156}]}, "version": 32}
{"obj": {"type": "LogStrings", "path": ["monitoring", "stderr"], "values": [{"value": "\r 40%|\u2588\u2588\u2588\u2588      | 183/452 [00:01<00:01, 158.89it/s]", "step": null, "ts": 1621695107.3824234}]}, "version": 33}
{"obj": {"type": "LogStrings", "path": ["monitoring", "stderr"], "values": [{"value": "\r 44%|\u2588\u2588\u2588\u2588\u258d     | 199/452 [00:01<00:01, 157.35it/s]", "step": null, "ts": 1621695107.48542}]}, "version": 34}
{"obj": {"type": "LogStrings", "path": ["monitoring", "stderr"], "values": [{"value": "\r 48%|\u2588\u2588\u2588\u2588\u258a     | 215/452 [00:01<00:01, 152.70it/s]", "step": null, "ts": 1621695107.5974169}]}, "version": 35}
{"obj": {"type": "LogStrings", "path": ["monitoring", "stderr"], "values": [{"value": "\r 51%|\u2588\u2588\u2588\u2588\u2588     | 231/452 [00:01<00:01, 150.03it/s]", "step": null, "ts": 1621695107.7084208}]}, "version": 36}
{"obj": {"type": "LogStrings", "path": ["monitoring", "stderr"], "values": [{"value": "\r 55%|\u2588\u2588\u2588\u2588\u2588\u258d    | 247/452 [00:01<00:01, 147.80it/s]", "step": null, "ts": 1621695107.820417}]}, "version": 37}
{"obj": {"type": "LogStrings", "path": ["monitoring", "stderr"], "values": [{"value": "\r 58%|\u2588\u2588\u2588\u2588\u2588\u258a    | 262/452 [00:01<00:01, 147.14it/s]", "step": null, "ts": 1621695107.924418}]}, "version": 38}
{"obj": {"type": "LogStrings", "path": ["monitoring", "stderr"], "values": [{"value": "\r 62%|\u2588\u2588\u2588\u2588\u2588\u2588\u258f   | 278/452 [00:01<00:01, 150.78it/s]", "step": null, "ts": 1621695108.0244172}]}, "version": 39}
{"obj": {"type": "LogStrings", "path": ["monitoring", "stderr"], "values": [{"value": "\r 65%|\u2588\u2588\u2588\u2588\u2588\u2588\u258c   | 295/452 [00:01<00:01, 155.65it/s]", "step": null, "ts": 1621695108.1254175}]}, "version": 40}
{"obj": {"type": "LogStrings", "path": ["monitoring", "stderr"], "values": [{"value": "\r 69%|\u2588\u2588\u2588\u2588\u2588\u2588\u2589   | 311/452 [00:02<00:00, 155.55it/s]", "step": null, "ts": 1621695108.2274156}]}, "version": 41}
{"obj": {"type": "LogStrings", "path": ["monitoring", "stderr"], "values": [{"value": "\r 72%|\u2588\u2588\u2588\u2588\u2588\u2588\u2588\u258f  | 327/452 [00:02<00:00, 153.70it/s]", "step": null, "ts": 1621695108.3354187}]}, "version": 42}
{"obj": {"type": "LogStrings", "path": ["monitoring", "stderr"], "values": [{"value": "\r 76%|\u2588\u2588\u2588\u2588\u2588\u2588\u2588\u258c  | 343/452 [00:02<00:00, 153.30it/s]", "step": null, "ts": 1621695108.4404247}]}, "version": 43}
{"obj": {"type": "LogStrings", "path": ["monitoring", "stderr"], "values": [{"value": "\r 80%|\u2588\u2588\u2588\u2588\u2588\u2588\u2588\u2589  | 360/452 [00:02<00:00, 157.08it/s]", "step": null, "ts": 1621695108.5424232}]}, "version": 44}
{"obj": {"type": "LogStrings", "path": ["monitoring", "stderr"], "values": [{"value": "\r 83%|\u2588\u2588\u2588\u2588\u2588\u2588\u2588\u2588\u258e | 377/452 [00:02<00:00, 159.39it/s]", "step": null, "ts": 1621695108.644417}]}, "version": 45}
{"obj": {"type": "LogStrings", "path": ["monitoring", "stderr"], "values": [{"value": "\r 87%|\u2588\u2588\u2588\u2588\u2588\u2588\u2588\u2588\u258b | 395/452 [00:02<00:00, 163.26it/s]", "step": null, "ts": 1621695108.7484198}]}, "version": 46}
{"obj": {"type": "LogStrings", "path": ["monitoring", "stderr"], "values": [{"value": "\r 91%|\u2588\u2588\u2588\u2588\u2588\u2588\u2588\u2588\u2588 | 412/452 [00:02<00:00, 162.85it/s]", "step": null, "ts": 1621695108.8544168}]}, "version": 47}
{"obj": {"type": "LogStrings", "path": ["monitoring", "stderr"], "values": [{"value": "\r 95%|\u2588\u2588\u2588\u2588\u2588\u2588\u2588\u2588\u2588\u258c| 430/452 [00:02<00:00, 166.25it/s]", "step": null, "ts": 1621695108.956418}]}, "version": 48}
{"obj": {"type": "LogStrings", "path": ["monitoring", "stderr"], "values": [{"value": "\r 99%|\u2588\u2588\u2588\u2588\u2588\u2588\u2588\u2588\u2588\u2589| 447/452 [00:02<00:00, 158.46it/s]", "step": null, "ts": 1621695109.075424}]}, "version": 49}
{"obj": {"type": "LogStrings", "path": ["monitoring", "stderr"], "values": [{"value": "", "step": null, "ts": 1621695109.1114159}]}, "version": 50}
{"obj": {"type": "LogStrings", "path": ["monitoring", "stderr"], "values": [{"value": "\r100%|\u2588\u2588\u2588\u2588\u2588\u2588\u2588\u2588\u2588\u2588| 452/452 [00:02<00:00, 151.37it/s]", "step": null, "ts": 1621695109.112416}]}, "version": 51}
{"obj": {"type": "LogStrings", "path": ["monitoring", "stderr"], "values": [{"value": "\n", "step": null, "ts": 1621695109.112416}]}, "version": 52}
{"obj": {"type": "LogStrings", "path": ["monitoring", "stderr"], "values": [{"value": "\r  0%|          | 0/1354 [00:00<?, ?it/s]", "step": null, "ts": 1621695109.3684177}]}, "version": 53}
{"obj": {"type": "LogStrings", "path": ["monitoring", "stderr"], "values": [{"value": "\r  1%|          | 16/1354 [00:00<00:08, 155.34it/s]", "step": null, "ts": 1621695109.4724164}]}, "version": 54}
{"obj": {"type": "LogStrings", "path": ["monitoring", "stderr"], "values": [{"value": "\r  2%|\u258f         | 30/1354 [00:00<00:09, 143.90it/s]", "step": null, "ts": 1621695109.587417}]}, "version": 55}
{"obj": {"type": "LogStrings", "path": ["monitoring", "stderr"], "values": [{"value": "\r  3%|\u258e         | 43/1354 [00:00<00:09, 138.10it/s]", "step": null, "ts": 1621695109.690416}]}, "version": 56}
{"obj": {"type": "LogStrings", "path": ["monitoring", "stderr"], "values": [{"value": "\r  4%|\u258d         | 57/1354 [00:00<00:09, 138.25it/s]", "step": null, "ts": 1621695109.7914183}]}, "version": 57}
{"obj": {"type": "LogStrings", "path": ["monitoring", "stderr"], "values": [{"value": "\r  5%|\u258c         | 73/1354 [00:00<00:08, 143.74it/s]", "step": null, "ts": 1621695109.892417}]}, "version": 58}
{"obj": {"type": "LogStrings", "path": ["monitoring", "stderr"], "values": [{"value": "\r  7%|\u258b         | 89/1354 [00:00<00:08, 147.03it/s]", "step": null, "ts": 1621695109.9944184}]}, "version": 59}
{"obj": {"type": "LogStrings", "path": ["monitoring", "stderr"], "values": [{"value": "\r  8%|\u258a         | 104/1354 [00:00<00:08, 147.48it/s]", "step": null, "ts": 1621695110.0964165}]}, "version": 60}
{"obj": {"type": "LogStrings", "path": ["monitoring", "stderr"], "values": [{"value": "\r  9%|\u2589         | 119/1354 [00:00<00:08, 147.35it/s]", "step": null, "ts": 1621695110.1974163}]}, "version": 61}
{"obj": {"type": "LogStrings", "path": ["monitoring", "stderr"], "values": [{"value": "\r 10%|\u2589         | 133/1354 [00:00<00:08, 140.27it/s]", "step": null, "ts": 1621695110.308417}]}, "version": 62}
{"obj": {"type": "LogStrings", "path": ["monitoring", "stderr"], "values": [{"value": "\r 11%|\u2588         | 150/1354 [00:01<00:08, 146.50it/s]", "step": null, "ts": 1621695110.4124231}]}, "version": 63}
{"obj": {"type": "LogStrings", "path": ["monitoring", "stderr"], "values": [{"value": "\r 12%|\u2588\u258f        | 166/1354 [00:01<00:07, 149.89it/s]", "step": null, "ts": 1621695110.514417}]}, "version": 64}
{"obj": {"type": "LogStrings", "path": ["monitoring", "stderr"], "values": [{"value": "\r 14%|\u2588\u258e        | 183/1354 [00:01<00:07, 153.30it/s]", "step": null, "ts": 1621695110.6184192}]}, "version": 65}
{"obj": {"type": "LogStrings", "path": ["monitoring", "stderr"], "values": [{"value": "\r 15%|\u2588\u258d        | 200/1354 [00:01<00:07, 157.52it/s]", "step": null, "ts": 1621695110.719417}]}, "version": 66}
{"obj": {"type": "LogStrings", "path": ["monitoring", "stderr"], "values": [{"value": "\r 16%|\u2588\u258c        | 217/1354 [00:01<00:07, 159.25it/s]", "step": null, "ts": 1621695110.8234165}]}, "version": 67}
{"obj": {"type": "LogStrings", "path": ["monitoring", "stderr"], "values": [{"value": "\r 17%|\u2588\u258b        | 233/1354 [00:01<00:07, 147.97it/s]", "step": null, "ts": 1621695110.9494236}]}, "version": 68}
{"obj": {"type": "LogStrings", "path": ["monitoring", "stderr"], "values": [{"value": "\r 18%|\u2588\u258a        | 249/1354 [00:01<00:07, 150.96it/s]", "step": null, "ts": 1621695111.0514176}]}, "version": 69}
{"obj": {"type": "LogStrings", "path": ["monitoring", "stderr"], "values": [{"value": "\r 20%|\u2588\u2589        | 265/1354 [00:01<00:07, 151.81it/s]", "step": null, "ts": 1621695111.1554177}]}, "version": 70}
{"obj": {"type": "LogStrings", "path": ["monitoring", "stderr"], "values": [{"value": "\r 21%|\u2588\u2588        | 282/1354 [00:01<00:06, 155.98it/s]", "step": null, "ts": 1621695111.2564175}]}, "version": 71}
{"obj": {"type": "LogStrings", "path": ["monitoring", "stderr"], "values": [{"value": "\r 22%|\u2588\u2588\u258f       | 299/1354 [00:01<00:06, 159.04it/s]", "step": null, "ts": 1621695111.3594165}]}, "version": 72}
{"obj": {"type": "LogStrings", "path": ["monitoring", "stderr"], "values": [{"value": "\r 23%|\u2588\u2588\u258e       | 315/1354 [00:02<00:06, 159.33it/s]", "step": null, "ts": 1621695111.4584162}]}, "version": 73}
{"obj": {"type": "LogStrings", "path": ["monitoring", "stderr"], "values": [{"value": "\r 24%|\u2588\u2588\u258d       | 331/1354 [00:02<00:06, 159.53it/s]", "step": null, "ts": 1621695111.558419}]}, "version": 74}
{"obj": {"type": "LogStrings", "path": ["monitoring", "stderr"], "values": [{"value": "\r 26%|\u2588\u2588\u258c       | 347/1354 [00:02<00:06, 157.78it/s]", "step": null, "ts": 1621695111.6624231}]}, "version": 75}
{"obj": {"type": "LogStrings", "path": ["monitoring", "stderr"], "values": [{"value": "\r 27%|\u2588\u2588\u258b       | 363/1354 [00:02<00:06, 154.32it/s]", "step": null, "ts": 1621695111.7724166}]}, "version": 76}
{"obj": {"type": "LogStrings", "path": ["monitoring", "stderr"], "values": [{"value": "\r 28%|\u2588\u2588\u258a       | 379/1354 [00:02<00:06, 151.97it/s]", "step": null, "ts": 1621695111.881423}]}, "version": 77}
{"obj": {"type": "LogStrings", "path": ["monitoring", "stderr"], "values": [{"value": "\r 29%|\u2588\u2588\u2589       | 395/1354 [00:02<00:06, 152.97it/s]", "step": null, "ts": 1621695111.9844186}]}, "version": 78}
{"obj": {"type": "LogStrings", "path": ["monitoring", "stderr"], "values": [{"value": "\r 30%|\u2588\u2588\u2588       | 411/1354 [00:02<00:06, 152.36it/s]", "step": null, "ts": 1621695112.089418}]}, "version": 79}
{"obj": {"type": "LogStrings", "path": ["monitoring", "stderr"], "values": [{"value": "\r 32%|\u2588\u2588\u2588\u258f      | 428/1354 [00:02<00:05, 155.10it/s]", "step": null, "ts": 1621695112.1944177}]}, "version": 80}
{"obj": {"type": "LogStrings", "path": ["monitoring", "stderr"], "values": [{"value": "\r 33%|\u2588\u2588\u2588\u258e      | 444/1354 [00:02<00:05, 153.39it/s]", "step": null, "ts": 1621695112.3024182}]}, "version": 81}
{"obj": {"type": "LogStrings", "path": ["monitoring", "stderr"], "values": [{"value": "\r 34%|\u2588\u2588\u2588\u258d      | 460/1354 [00:03<00:05, 154.86it/s]", "step": null, "ts": 1621695112.4024189}]}, "version": 82}
{"obj": {"type": "LogStrings", "path": ["monitoring", "stderr"], "values": [{"value": "\r 35%|\u2588\u2588\u2588\u258c      | 477/1354 [00:03<00:05, 158.23it/s]", "step": null, "ts": 1621695112.504416}]}, "version": 83}
{"obj": {"type": "LogStrings", "path": ["monitoring", "stderr"], "values": [{"value": "\r 36%|\u2588\u2588\u2588\u258b      | 493/1354 [00:03<00:05, 156.43it/s]", "step": null, "ts": 1621695112.6104164}]}, "version": 84}
{"obj": {"type": "LogStrings", "path": ["monitoring", "stderr"], "values": [{"value": "\r 38%|\u2588\u2588\u2588\u258a      | 509/1354 [00:03<00:05, 154.29it/s]", "step": null, "ts": 1621695112.7174177}]}, "version": 85}
{"obj": {"type": "LogStrings", "path": ["monitoring", "stderr"], "values": [{"value": "\r 39%|\u2588\u2588\u2588\u2589      | 525/1354 [00:03<00:05, 152.39it/s]", "step": null, "ts": 1621695112.8254182}]}, "version": 86}
{"obj": {"type": "LogStrings", "path": ["monitoring", "stderr"], "values": [{"value": "\r 40%|\u2588\u2588\u2588\u2589      | 541/1354 [00:03<00:05, 152.83it/s]", "step": null, "ts": 1621695112.9294176}]}, "version": 87}
{"obj": {"type": "LogStrings", "path": ["monitoring", "stderr"], "values": [{"value": "\r 41%|\u2588\u2588\u2588\u2588      | 558/1354 [00:03<00:05, 155.02it/s]", "step": null, "ts": 1621695113.0354185}]}, "version": 88}
{"obj": {"type": "LogStrings", "path": ["monitoring", "stderr"], "values": [{"value": "\r 42%|\u2588\u2588\u2588\u2588\u258f     | 575/1354 [00:03<00:04, 157.46it/s]", "step": null, "ts": 1621695113.1394181}]}, "version": 89}
{"obj": {"type": "LogStrings", "path": ["monitoring", "stderr"], "values": [{"value": "\r 44%|\u2588\u2588\u2588\u2588\u258e     | 592/1354 [00:03<00:04, 159.66it/s]", "step": null, "ts": 1621695113.241419}]}, "version": 90}
{"obj": {"type": "LogStrings", "path": ["monitoring", "stderr"], "values": [{"value": "\r 45%|\u2588\u2588\u2588\u2588\u258d     | 609/1354 [00:03<00:04, 159.88it/s]", "step": null, "ts": 1621695113.347417}]}, "version": 91}
{"obj": {"type": "LogStrings", "path": ["monitoring", "stderr"], "values": [{"value": "\r 46%|\u2588\u2588\u2588\u2588\u258c     | 626/1354 [00:04<00:04, 159.57it/s]", "step": null, "ts": 1621695113.4554243}]}, "version": 92}
{"obj": {"type": "LogStrings", "path": ["monitoring", "stderr"], "values": [{"value": "\r 47%|\u2588\u2588\u2588\u2588\u258b     | 642/1354 [00:04<00:04, 158.28it/s]", "step": null, "ts": 1621695113.5574195}]}, "version": 93}
{"obj": {"type": "LogStrings", "path": ["monitoring", "stderr"], "values": [{"value": "\r 49%|\u2588\u2588\u2588\u2588\u258a     | 658/1354 [00:04<00:04, 157.85it/s]", "step": null, "ts": 1621695113.6594157}]}, "version": 94}
{"obj": {"type": "LogStrings", "path": ["monitoring", "stderr"], "values": [{"value": "\r 50%|\u2588\u2588\u2588\u2588\u2589     | 675/1354 [00:04<00:04, 159.05it/s]", "step": null, "ts": 1621695113.7654169}]}, "version": 95}
{"obj": {"type": "LogStrings", "path": ["monitoring", "stderr"], "values": [{"value": "\r 51%|\u2588\u2588\u2588\u2588\u2588     | 691/1354 [00:04<00:04, 158.85it/s]", "step": null, "ts": 1621695113.865423}]}, "version": 96}
{"obj": {"type": "LogStrings", "path": ["monitoring", "stderr"], "values": [{"value": "\r 52%|\u2588\u2588\u2588\u2588\u2588\u258f    | 708/1354 [00:04<00:04, 159.31it/s]", "step": null, "ts": 1621695113.9714158}]}, "version": 97}
{"obj": {"type": "LogStrings", "path": ["monitoring", "stderr"], "values": [{"value": "\r 53%|\u2588\u2588\u2588\u2588\u2588\u258e    | 724/1354 [00:04<00:03, 157.63it/s]", "step": null, "ts": 1621695114.0754158}]}, "version": 98}
{"obj": {"type": "LogStrings", "path": ["monitoring", "stderr"], "values": [{"value": "\r 55%|\u2588\u2588\u2588\u2588\u2588\u258d    | 742/1354 [00:04<00:03, 163.74it/s]", "step": null, "ts": 1621695114.1754165}]}, "version": 99}
{"obj": {"type": "LogStrings", "path": ["monitoring", "stderr"], "values": [{"value": "\r 56%|\u2588\u2588\u2588\u2588\u2588\u258c    | 759/1354 [00:04<00:03, 161.78it/s]", "step": null, "ts": 1621695114.2844174}]}, "version": 100}
{"obj": {"type": "LogStrings", "path": ["monitoring", "stderr"], "values": [{"value": "\r 57%|\u2588\u2588\u2588\u2588\u2588\u258b    | 776/1354 [00:05<00:03, 160.45it/s]", "step": null, "ts": 1621695114.3914173}]}, "version": 101}
{"obj": {"type": "LogStrings", "path": ["monitoring", "stderr"], "values": [{"value": "\r 59%|\u2588\u2588\u2588\u2588\u2588\u258a    | 794/1354 [00:05<00:03, 161.82it/s]", "step": null, "ts": 1621695114.5004172}]}, "version": 102}
{"obj": {"type": "LogStrings", "path": ["monitoring", "stderr"], "values": [{"value": "\r 60%|\u2588\u2588\u2588\u2588\u2588\u2589    | 811/1354 [00:05<00:03, 161.85it/s]", "step": null, "ts": 1621695114.6054173}]}, "version": 103}
{"obj": {"type": "LogStrings", "path": ["monitoring", "stderr"], "values": [{"value": "\r 61%|\u2588\u2588\u2588\u2588\u2588\u2588    | 828/1354 [00:05<00:03, 157.81it/s]", "step": null, "ts": 1621695114.7204165}]}, "version": 104}
{"obj": {"type": "LogStrings", "path": ["monitoring", "stderr"], "values": [{"value": "\r 62%|\u2588\u2588\u2588\u2588\u2588\u2588\u258f   | 844/1354 [00:05<00:03, 157.52it/s]", "step": null, "ts": 1621695114.8224173}]}, "version": 105}
{"obj": {"type": "LogStrings", "path": ["monitoring", "stderr"], "values": [{"value": "\r 64%|\u2588\u2588\u2588\u2588\u2588\u2588\u258e   | 860/1354 [00:05<00:03, 158.26it/s]", "step": null, "ts": 1621695114.922417}]}, "version": 106}
{"obj": {"type": "LogFloats", "path": ["monitoring", "cpu"], "values": [{"value": 67.5, "step": null, "ts": 1621695114.9604175}]}, "version": 107}
{"obj": {"type": "LogFloats", "path": ["monitoring", "memory"], "values": [{"value": 8.790420532226562, "step": null, "ts": 1621695114.9604175}]}, "version": 108}
{"obj": {"type": "LogFloats", "path": ["monitoring", "gpu"], "values": [{"value": 17.0, "step": null, "ts": 1621695114.9604175}]}, "version": 109}
{"obj": {"type": "LogFloats", "path": ["monitoring", "gpu_memory"], "values": [{"value": 0.8450775146484375, "step": null, "ts": 1621695114.9604175}]}, "version": 110}
{"obj": {"type": "LogStrings", "path": ["monitoring", "stderr"], "values": [{"value": "\r 65%|\u2588\u2588\u2588\u2588\u2588\u2588\u258d   | 877/1354 [00:05<00:02, 159.78it/s]", "step": null, "ts": 1621695115.0264175}]}, "version": 111}
{"obj": {"type": "LogStrings", "path": ["monitoring", "stderr"], "values": [{"value": "\r 66%|\u2588\u2588\u2588\u2588\u2588\u2588\u258c   | 894/1354 [00:05<00:02, 160.87it/s]", "step": null, "ts": 1621695115.1294165}]}, "version": 112}
{"obj": {"type": "LogStrings", "path": ["monitoring", "stderr"], "values": [{"value": "\r 67%|\u2588\u2588\u2588\u2588\u2588\u2588\u258b   | 913/1354 [00:05<00:02, 168.18it/s]", "step": null, "ts": 1621695115.230418}]}, "version": 113}
{"obj": {"type": "LogStrings", "path": ["monitoring", "stderr"], "values": [{"value": "\r 69%|\u2588\u2588\u2588\u2588\u2588\u2588\u258a   | 930/1354 [00:05<00:02, 161.51it/s]", "step": null, "ts": 1621695115.3454177}]}, "version": 114}
{"obj": {"type": "LogStrings", "path": ["monitoring", "stderr"], "values": [{"value": "\r 70%|\u2588\u2588\u2588\u2588\u2588\u2588\u2589   | 947/1354 [00:06<00:02, 159.80it/s]", "step": null, "ts": 1621695115.454417}]}, "version": 115}
{"obj": {"type": "LogStrings", "path": ["monitoring", "stderr"], "values": [{"value": "\r 71%|\u2588\u2588\u2588\u2588\u2588\u2588\u2588   | 964/1354 [00:06<00:02, 159.52it/s]", "step": null, "ts": 1621695115.5624232}]}, "version": 116}
{"obj": {"type": "LogStrings", "path": ["monitoring", "stderr"], "values": [{"value": "\r 72%|\u2588\u2588\u2588\u2588\u2588\u2588\u2588\u258f  | 981/1354 [00:06<00:02, 158.88it/s]", "step": null, "ts": 1621695115.6704173}]}, "version": 117}
{"obj": {"type": "LogStrings", "path": ["monitoring", "stderr"], "values": [{"value": "\r 74%|\u2588\u2588\u2588\u2588\u2588\u2588\u2588\u258e  | 997/1354 [00:06<00:02, 153.27it/s]", "step": null, "ts": 1621695115.7834158}]}, "version": 118}
{"obj": {"type": "LogStrings", "path": ["monitoring", "stderr"], "values": [{"value": "\r 75%|\u2588\u2588\u2588\u2588\u2588\u2588\u2588\u258d  | 1013/1354 [00:06<00:02, 155.23it/s]", "step": null, "ts": 1621695115.8824165}]}, "version": 119}
{"obj": {"type": "LogStrings", "path": ["monitoring", "stderr"], "values": [{"value": "\r 76%|\u2588\u2588\u2588\u2588\u2588\u2588\u2588\u258c  | 1029/1354 [00:06<00:02, 152.60it/s]", "step": null, "ts": 1621695115.9914162}]}, "version": 120}
{"obj": {"type": "LogStrings", "path": ["monitoring", "stderr"], "values": [{"value": "\r 77%|\u2588\u2588\u2588\u2588\u2588\u2588\u2588\u258b  | 1046/1354 [00:06<00:01, 156.56it/s]", "step": null, "ts": 1621695116.0944173}]}, "version": 121}
{"obj": {"type": "LogStrings", "path": ["monitoring", "stderr"], "values": [{"value": "\r 79%|\u2588\u2588\u2588\u2588\u2588\u2588\u2588\u258a  | 1063/1354 [00:06<00:01, 158.13it/s]", "step": null, "ts": 1621695116.199417}]}, "version": 122}
{"obj": {"type": "LogStrings", "path": ["monitoring", "stderr"], "values": [{"value": "\r 80%|\u2588\u2588\u2588\u2588\u2588\u2588\u2588\u2589  | 1079/1354 [00:06<00:01, 157.75it/s]", "step": null, "ts": 1621695116.301419}]}, "version": 123}
{"obj": {"type": "LogStrings", "path": ["monitoring", "stderr"], "values": [{"value": "\r 81%|\u2588\u2588\u2588\u2588\u2588\u2588\u2588\u2588  | 1096/1354 [00:07<00:01, 158.53it/s]", "step": null, "ts": 1621695116.4064164}]}, "version": 124}
{"obj": {"type": "LogStrings", "path": ["monitoring", "stderr"], "values": [{"value": "\r 82%|\u2588\u2588\u2588\u2588\u2588\u2588\u2588\u2588\u258f | 1112/1354 [00:07<00:01, 158.49it/s]", "step": null, "ts": 1621695116.507423}]}, "version": 125}
{"obj": {"type": "LogStrings", "path": ["monitoring", "stderr"], "values": [{"value": "\r 83%|\u2588\u2588\u2588\u2588\u2588\u2588\u2588\u2588\u258e | 1129/1354 [00:07<00:01, 159.95it/s]", "step": null, "ts": 1621695116.6114242}]}, "version": 126}
{"obj": {"type": "LogStrings", "path": ["monitoring", "stderr"], "values": [{"value": "\r 85%|\u2588\u2588\u2588\u2588\u2588\u2588\u2588\u2588\u258d | 1147/1354 [00:07<00:01, 165.03it/s]", "step": null, "ts": 1621695116.7134175}]}, "version": 127}
{"obj": {"type": "LogStrings", "path": ["monitoring", "stderr"], "values": [{"value": "\r 86%|\u2588\u2588\u2588\u2588\u2588\u2588\u2588\u2588\u258c | 1164/1354 [00:07<00:01, 163.60it/s]", "step": null, "ts": 1621695116.819418}]}, "version": 128}
{"obj": {"type": "LogStrings", "path": ["monitoring", "stderr"], "values": [{"value": "\r 87%|\u2588\u2588\u2588\u2588\u2588\u2588\u2588\u2588\u258b | 1181/1354 [00:07<00:01, 160.32it/s]", "step": null, "ts": 1621695116.9304194}]}, "version": 129}
{"obj": {"type": "LogStrings", "path": ["monitoring", "stderr"], "values": [{"value": "\r 88%|\u2588\u2588\u2588\u2588\u2588\u2588\u2588\u2588\u258a | 1198/1354 [00:07<00:01, 155.50it/s]", "step": null, "ts": 1621695117.0464172}]}, "version": 130}
{"obj": {"type": "LogStrings", "path": ["monitoring", "stderr"], "values": [{"value": "\r 90%|\u2588\u2588\u2588\u2588\u2588\u2588\u2588\u2588\u2589 | 1214/1354 [00:07<00:00, 151.91it/s]", "step": null, "ts": 1621695117.158417}]}, "version": 131}
{"obj": {"type": "LogStrings", "path": ["monitoring", "stderr"], "values": [{"value": "\r 91%|\u2588\u2588\u2588\u2588\u2588\u2588\u2588\u2588\u2588 | 1230/1354 [00:07<00:00, 153.80it/s]", "step": null, "ts": 1621695117.2594159}]}, "version": 132}
{"obj": {"type": "LogStrings", "path": ["monitoring", "stderr"], "values": [{"value": "\r 92%|\u2588\u2588\u2588\u2588\u2588\u2588\u2588\u2588\u2588\u258f| 1246/1354 [00:07<00:00, 155.61it/s]", "step": null, "ts": 1621695117.3594244}]}, "version": 133}
{"obj": {"type": "LogStrings", "path": ["monitoring", "stderr"], "values": [{"value": "\r 93%|\u2588\u2588\u2588\u2588\u2588\u2588\u2588\u2588\u2588\u258e| 1264/1354 [00:08<00:00, 161.33it/s]", "step": null, "ts": 1621695117.4604177}]}, "version": 134}
{"obj": {"type": "LogStrings", "path": ["monitoring", "stderr"], "values": [{"value": "\r 95%|\u2588\u2588\u2588\u2588\u2588\u2588\u2588\u2588\u2588\u258d| 1281/1354 [00:08<00:00, 161.97it/s]", "step": null, "ts": 1621695117.5654168}]}, "version": 135}
{"obj": {"type": "LogStrings", "path": ["monitoring", "stderr"], "values": [{"value": "\r 96%|\u2588\u2588\u2588\u2588\u2588\u2588\u2588\u2588\u2588\u258c| 1298/1354 [00:08<00:00, 158.33it/s]", "step": null, "ts": 1621695117.6774185}]}, "version": 136}
{"obj": {"type": "LogStrings", "path": ["monitoring", "stderr"], "values": [{"value": "\r 97%|\u2588\u2588\u2588\u2588\u2588\u2588\u2588\u2588\u2588\u258b| 1314/1354 [00:08<00:00, 154.23it/s]", "step": null, "ts": 1621695117.7874177}]}, "version": 137}
{"obj": {"type": "LogStrings", "path": ["monitoring", "stderr"], "values": [{"value": "\r 98%|\u2588\u2588\u2588\u2588\u2588\u2588\u2588\u2588\u2588\u258a| 1330/1354 [00:08<00:00, 154.12it/s]", "step": null, "ts": 1621695117.8914175}]}, "version": 138}
{"obj": {"type": "LogStrings", "path": ["monitoring", "stderr"], "values": [{"value": "\r 99%|\u2588\u2588\u2588\u2588\u2588\u2588\u2588\u2588\u2588\u2589| 1346/1354 [00:08<00:00, 149.71it/s]", "step": null, "ts": 1621695118.0064168}]}, "version": 139}
{"obj": {"type": "LogStrings", "path": ["monitoring", "stderr"], "values": [{"value": "", "step": null, "ts": 1621695118.0624163}]}, "version": 140}
{"obj": {"type": "LogStrings", "path": ["monitoring", "stderr"], "values": [{"value": "\r100%|\u2588\u2588\u2588\u2588\u2588\u2588\u2588\u2588\u2588\u2588| 1354/1354 [00:08<00:00, 155.76it/s]", "step": null, "ts": 1621695118.0624163}]}, "version": 141}
{"obj": {"type": "LogStrings", "path": ["monitoring", "stderr"], "values": [{"value": "\n", "step": null, "ts": 1621695118.0634165}]}, "version": 142}
{"obj": {"type": "LogStrings", "path": ["monitoring", "stderr"], "values": [{"value": "\r  0%|          | 0/677 [00:00<?, ?it/s]", "step": null, "ts": 1621695118.8314269}]}, "version": 143}
{"obj": {"type": "LogStrings", "path": ["monitoring", "stderr"], "values": [{"value": "\r  3%|\u258e         | 17/677 [00:00<00:04, 160.39it/s]", "step": null, "ts": 1621695118.9384155}]}, "version": 144}
{"obj": {"type": "LogStrings", "path": ["monitoring", "stderr"], "values": [{"value": "\r  4%|\u258d         | 30/677 [00:00<00:04, 146.83it/s]", "step": null, "ts": 1621695119.0454159}]}, "version": 145}
{"obj": {"type": "LogStrings", "path": ["monitoring", "stderr"], "values": [{"value": "\r  6%|\u258b         | 44/677 [00:00<00:04, 144.71it/s]", "step": null, "ts": 1621695119.1454184}]}, "version": 146}
{"obj": {"type": "LogStrings", "path": ["monitoring", "stderr"], "values": [{"value": "\r  9%|\u258a         | 59/677 [00:00<00:04, 143.74it/s]", "step": null, "ts": 1621695119.2514172}]}, "version": 147}
{"obj": {"type": "LogStrings", "path": ["monitoring", "stderr"], "values": [{"value": "\r 11%|\u2588         | 73/677 [00:00<00:04, 141.73it/s]", "step": null, "ts": 1621695119.3534172}]}, "version": 148}
{"obj": {"type": "LogStrings", "path": ["monitoring", "stderr"], "values": [{"value": "\r 13%|\u2588\u258e        | 88/677 [00:00<00:04, 142.07it/s]", "step": null, "ts": 1621695119.458417}]}, "version": 149}
{"obj": {"type": "LogStrings", "path": ["monitoring", "stderr"], "values": [{"value": "\r 15%|\u2588\u258c        | 103/677 [00:00<00:04, 142.71it/s]", "step": null, "ts": 1621695119.5614169}]}, "version": 150}
{"obj": {"type": "LogStrings", "path": ["monitoring", "stderr"], "values": [{"value": "\r 18%|\u2588\u258a        | 119/677 [00:00<00:03, 146.28it/s]", "step": null, "ts": 1621695119.6654165}]}, "version": 151}
{"obj": {"type": "LogStrings", "path": ["monitoring", "stderr"], "values": [{"value": "\r 20%|\u2588\u2588        | 136/677 [00:00<00:03, 150.64it/s]", "step": null, "ts": 1621695119.7704182}]}, "version": 152}
{"obj": {"type": "LogStrings", "path": ["monitoring", "stderr"], "values": [{"value": "\r 22%|\u2588\u2588\u258f       | 152/677 [00:01<00:03, 152.02it/s]", "step": null, "ts": 1621695119.8734174}]}, "version": 153}
{"obj": {"type": "LogStrings", "path": ["monitoring", "stderr"], "values": [{"value": "\r 25%|\u2588\u2588\u258d       | 168/677 [00:01<00:03, 152.13it/s]", "step": null, "ts": 1621695119.977416}]}, "version": 154}
{"obj": {"type": "LogStrings", "path": ["monitoring", "stderr"], "values": [{"value": "\r 27%|\u2588\u2588\u258b       | 183/677 [00:01<00:03, 135.84it/s]", "step": null, "ts": 1621695120.1154163}]}, "version": 155}
{"obj": {"type": "LogStrings", "path": ["monitoring", "stderr"], "values": [{"value": "\r 29%|\u2588\u2588\u2589       | 198/677 [00:01<00:03, 137.87it/s]", "step": null, "ts": 1621695120.2214248}]}, "version": 156}
{"obj": {"type": "LogStrings", "path": ["monitoring", "stderr"], "values": [{"value": "\r 32%|\u2588\u2588\u2588\u258f      | 215/677 [00:01<00:03, 144.30it/s]", "step": null, "ts": 1621695120.3254175}]}, "version": 157}
{"obj": {"type": "LogStrings", "path": ["monitoring", "stderr"], "values": [{"value": "\r 34%|\u2588\u2588\u2588\u258d      | 232/677 [00:01<00:02, 149.16it/s]", "step": null, "ts": 1621695120.431424}]}, "version": 158}
{"obj": {"type": "LogStrings", "path": ["monitoring", "stderr"], "values": [{"value": "\r 37%|\u2588\u2588\u2588\u258b      | 248/677 [00:01<00:02, 146.01it/s]", "step": null, "ts": 1621695120.546418}]}, "version": 159}
{"obj": {"type": "LogStrings", "path": ["monitoring", "stderr"], "values": [{"value": "\r 39%|\u2588\u2588\u2588\u2589      | 263/677 [00:01<00:03, 135.97it/s]", "step": null, "ts": 1621695120.6744168}]}, "version": 160}
{"obj": {"type": "LogStrings", "path": ["monitoring", "stderr"], "values": [{"value": "\r 41%|\u2588\u2588\u2588\u2588      | 279/677 [00:01<00:02, 141.26it/s]", "step": null, "ts": 1621695120.776423}]}, "version": 161}
{"obj": {"type": "LogStrings", "path": ["monitoring", "stderr"], "values": [{"value": "\r 44%|\u2588\u2588\u2588\u2588\u258e     | 296/677 [00:02<00:02, 147.64it/s]", "step": null, "ts": 1621695120.8804178}]}, "version": 162}
{"obj": {"type": "LogStrings", "path": ["monitoring", "stderr"], "values": [{"value": "\r 46%|\u2588\u2588\u2588\u2588\u258c     | 311/677 [00:02<00:02, 147.03it/s]", "step": null, "ts": 1621695120.9824178}]}, "version": 163}
{"obj": {"type": "LogStrings", "path": ["monitoring", "stderr"], "values": [{"value": "\r 48%|\u2588\u2588\u2588\u2588\u258a     | 326/677 [00:02<00:02, 144.08it/s]", "step": null, "ts": 1621695121.0924177}]}, "version": 164}
{"obj": {"type": "LogStrings", "path": ["monitoring", "stderr"], "values": [{"value": "\r 51%|\u2588\u2588\u2588\u2588\u2588     | 342/677 [00:02<00:02, 146.47it/s]", "step": null, "ts": 1621695121.1964238}]}, "version": 165}
{"obj": {"type": "LogStrings", "path": ["monitoring", "stderr"], "values": [{"value": "\r 53%|\u2588\u2588\u2588\u2588\u2588\u258e    | 360/677 [00:02<00:02, 153.16it/s]", "step": null, "ts": 1621695121.3024182}]}, "version": 166}
{"obj": {"type": "LogStrings", "path": ["monitoring", "stderr"], "values": [{"value": "\r 56%|\u2588\u2588\u2588\u2588\u2588\u258c    | 376/677 [00:02<00:01, 152.49it/s]", "step": null, "ts": 1621695121.4074175}]}, "version": 167}
{"obj": {"type": "LogStrings", "path": ["monitoring", "stderr"], "values": [{"value": "\r 58%|\u2588\u2588\u2588\u2588\u2588\u258a    | 392/677 [00:02<00:01, 153.33it/s]", "step": null, "ts": 1621695121.5104187}]}, "version": 168}
{"obj": {"type": "LogStrings", "path": ["monitoring", "stderr"], "values": [{"value": "\r 60%|\u2588\u2588\u2588\u2588\u2588\u2588    | 408/677 [00:02<00:01, 150.46it/s]", "step": null, "ts": 1621695121.6214168}]}, "version": 169}
{"obj": {"type": "LogStrings", "path": ["monitoring", "stderr"], "values": [{"value": "\r 63%|\u2588\u2588\u2588\u2588\u2588\u2588\u258e   | 424/677 [00:02<00:01, 153.20it/s]", "step": null, "ts": 1621695121.7224221}]}, "version": 170}
{"obj": {"type": "LogStrings", "path": ["monitoring", "stderr"], "values": [{"value": "\r 65%|\u2588\u2588\u2588\u2588\u2588\u2588\u258d   | 440/677 [00:02<00:01, 153.39it/s]", "step": null, "ts": 1621695121.8264227}]}, "version": 171}
{"obj": {"type": "LogStrings", "path": ["monitoring", "stderr"], "values": [{"value": "\r 68%|\u2588\u2588\u2588\u2588\u2588\u2588\u258a   | 457/677 [00:03<00:01, 155.85it/s]", "step": null, "ts": 1621695121.9314172}]}, "version": 172}
{"obj": {"type": "LogStrings", "path": ["monitoring", "stderr"], "values": [{"value": "\r 70%|\u2588\u2588\u2588\u2588\u2588\u2588\u2589   | 473/677 [00:03<00:01, 156.15it/s]", "step": null, "ts": 1621695122.032418}]}, "version": 173}
{"obj": {"type": "LogStrings", "path": ["monitoring", "stderr"], "values": [{"value": "\r 72%|\u2588\u2588\u2588\u2588\u2588\u2588\u2588\u258f  | 490/677 [00:03<00:01, 157.84it/s]", "step": null, "ts": 1621695122.1374176}]}, "version": 174}
{"obj": {"type": "LogStrings", "path": ["monitoring", "stderr"], "values": [{"value": "\r 75%|\u2588\u2588\u2588\u2588\u2588\u2588\u2588\u258d  | 506/677 [00:03<00:01, 156.62it/s]", "step": null, "ts": 1621695122.2414186}]}, "version": 175}
{"obj": {"type": "LogStrings", "path": ["monitoring", "stderr"], "values": [{"value": "\r 77%|\u2588\u2588\u2588\u2588\u2588\u2588\u2588\u258b  | 523/677 [00:03<00:00, 158.61it/s]", "step": null, "ts": 1621695122.3454185}]}, "version": 176}
{"obj": {"type": "LogStrings", "path": ["monitoring", "stderr"], "values": [{"value": "\r 80%|\u2588\u2588\u2588\u2588\u2588\u2588\u2588\u2589  | 540/677 [00:03<00:00, 160.03it/s]", "step": null, "ts": 1621695122.4494236}]}, "version": 177}
{"obj": {"type": "LogStrings", "path": ["monitoring", "stderr"], "values": [{"value": "\r 82%|\u2588\u2588\u2588\u2588\u2588\u2588\u2588\u2588\u258f | 557/677 [00:03<00:00, 161.51it/s]", "step": null, "ts": 1621695122.5534177}]}, "version": 178}
{"obj": {"type": "LogStrings", "path": ["monitoring", "stderr"], "values": [{"value": "\r 85%|\u2588\u2588\u2588\u2588\u2588\u2588\u2588\u2588\u258d | 574/677 [00:03<00:00, 158.46it/s]", "step": null, "ts": 1621695122.6654184}]}, "version": 179}
{"obj": {"type": "LogStrings", "path": ["monitoring", "stderr"], "values": [{"value": "\r 87%|\u2588\u2588\u2588\u2588\u2588\u2588\u2588\u2588\u258b | 590/677 [00:03<00:00, 156.13it/s]", "step": null, "ts": 1621695122.7704158}]}, "version": 180}
{"obj": {"type": "LogStrings", "path": ["monitoring", "stderr"], "values": [{"value": "\r 90%|\u2588\u2588\u2588\u2588\u2588\u2588\u2588\u2588\u2589 | 606/677 [00:04<00:00, 155.89it/s]", "step": null, "ts": 1621695122.873417}]}, "version": 181}
{"obj": {"type": "LogStrings", "path": ["monitoring", "stderr"], "values": [{"value": "\r 92%|\u2588\u2588\u2588\u2588\u2588\u2588\u2588\u2588\u2588\u258f| 625/677 [00:04<00:00, 162.65it/s]", "step": null, "ts": 1621695122.9794207}]}, "version": 182}
{"obj": {"type": "LogStrings", "path": ["monitoring", "stderr"], "values": [{"value": "\r 95%|\u2588\u2588\u2588\u2588\u2588\u2588\u2588\u2588\u2588\u258d| 642/677 [00:04<00:00, 161.96it/s]", "step": null, "ts": 1621695123.0854251}]}, "version": 183}
{"obj": {"type": "LogStrings", "path": ["monitoring", "stderr"], "values": [{"value": "\r 97%|\u2588\u2588\u2588\u2588\u2588\u2588\u2588\u2588\u2588\u258b| 659/677 [00:04<00:00, 163.35it/s]", "step": null, "ts": 1621695123.186416}]}, "version": 184}
{"obj": {"type": "LogStrings", "path": ["monitoring", "stderr"], "values": [{"value": "\r100%|\u2588\u2588\u2588\u2588\u2588\u2588\u2588\u2588\u2588\u2589| 676/677 [00:04<00:00, 163.85it/s]", "step": null, "ts": 1621695123.2904184}]}, "version": 185}
{"obj": {"type": "LogStrings", "path": ["monitoring", "stderr"], "values": [{"value": "", "step": null, "ts": 1621695123.2964177}]}, "version": 186}
{"obj": {"type": "LogStrings", "path": ["monitoring", "stderr"], "values": [{"value": "\r100%|\u2588\u2588\u2588\u2588\u2588\u2588\u2588\u2588\u2588\u2588| 677/677 [00:04<00:00, 151.66it/s]", "step": null, "ts": 1621695123.2964177}]}, "version": 187}
{"obj": {"type": "LogStrings", "path": ["monitoring", "stderr"], "values": [{"value": "\n", "step": null, "ts": 1621695123.2974172}]}, "version": 188}
{"obj": {"type": "LogFloats", "path": ["monitoring", "cpu"], "values": [{"value": 71.8, "step": null, "ts": 1621695124.9744186}]}, "version": 189}
{"obj": {"type": "LogFloats", "path": ["monitoring", "memory"], "values": [{"value": 15.57455825805664, "step": null, "ts": 1621695124.9744186}]}, "version": 190}
{"obj": {"type": "LogFloats", "path": ["monitoring", "gpu"], "values": [{"value": 16.0, "step": null, "ts": 1621695124.9744186}]}, "version": 191}
{"obj": {"type": "LogFloats", "path": ["monitoring", "gpu_memory"], "values": [{"value": 0.8780250549316406, "step": null, "ts": 1621695124.9744186}]}, "version": 192}
{"obj": {"type": "LogStrings", "path": ["monitoring", "stderr"], "values": [{"value": "\r  0%|          | 0/10 [00:00<?, ?it/s]", "step": null, "ts": 1621695129.922418}]}, "version": 193}
{"obj": {"type": "LogStrings", "path": ["monitoring", "stdout"], "values": [{"value": "train", "step": null, "ts": 1621695129.9234185}]}, "version": 194}
{"obj": {"type": "LogStrings", "path": ["monitoring", "stdout"], "values": [{"value": "\n", "step": null, "ts": 1621695129.924419}]}, "version": 195}
{"obj": {"type": "LogStrings", "path": ["monitoring", "stderr"], "values": [{"value": "C:\\Users\\cdami\\Anaconda3\\lib\\site-packages\\torch\\nn\\functional.py:1628: UserWarning: nn.functional.tanh is deprecated. Use torch.tanh instead.\n  warnings.warn(\"nn.functional.tanh is deprecated. Use torch.tanh instead.\")\n", "step": null, "ts": 1621695133.3894176}]}, "version": 196}
{"obj": {"type": "LogFloats", "path": ["monitoring", "cpu"], "values": [{"value": 65.3, "step": null, "ts": 1621695135.0174165}]}, "version": 197}
{"obj": {"type": "LogFloats", "path": ["monitoring", "memory"], "values": [{"value": 14.644115447998047, "step": null, "ts": 1621695135.0174165}]}, "version": 198}
{"obj": {"type": "LogFloats", "path": ["monitoring", "gpu"], "values": [{"value": 98.0, "step": null, "ts": 1621695135.0174165}]}, "version": 199}
{"obj": {"type": "LogFloats", "path": ["monitoring", "gpu_memory"], "values": [{"value": 4.093437194824219, "step": null, "ts": 1621695135.0174165}]}, "version": 200}
{"obj": {"type": "LogFloats", "path": ["monitoring", "cpu"], "values": [{"value": 67.3, "step": null, "ts": 1621695145.0364165}]}, "version": 201}
{"obj": {"type": "LogFloats", "path": ["monitoring", "memory"], "values": [{"value": 13.618213653564453, "step": null, "ts": 1621695145.0364165}]}, "version": 202}
{"obj": {"type": "LogFloats", "path": ["monitoring", "gpu"], "values": [{"value": 98.0, "step": null, "ts": 1621695145.0364165}]}, "version": 203}
{"obj": {"type": "LogFloats", "path": ["monitoring", "gpu_memory"], "values": [{"value": 4.130668640136719, "step": null, "ts": 1621695145.0364165}]}, "version": 204}
{"obj": {"type": "LogFloats", "path": ["monitoring", "cpu"], "values": [{"value": 60.9, "step": null, "ts": 1621695155.0484154}]}, "version": 205}
{"obj": {"type": "LogFloats", "path": ["monitoring", "memory"], "values": [{"value": 14.003658294677734, "step": null, "ts": 1621695155.0484154}]}, "version": 206}
{"obj": {"type": "LogFloats", "path": ["monitoring", "gpu"], "values": [{"value": 98.0, "step": null, "ts": 1621695155.0484154}]}, "version": 207}
{"obj": {"type": "LogFloats", "path": ["monitoring", "gpu_memory"], "values": [{"value": 4.14013671875, "step": null, "ts": 1621695155.0484154}]}, "version": 208}
{"obj": {"type": "LogFloats", "path": ["batch_loss_train"], "values": [{"value": 0.06258857098221779, "step": null, "ts": 1621695164.4934156}]}, "version": 209}
{"obj": {"type": "LogStrings", "path": ["monitoring", "stdout"], "values": [{"value": "test", "step": null, "ts": 1621695164.4944158}]}, "version": 210}
{"obj": {"type": "LogStrings", "path": ["monitoring", "stdout"], "values": [{"value": "\n", "step": null, "ts": 1621695164.4944158}]}, "version": 211}
{"obj": {"type": "LogFloats", "path": ["monitoring", "cpu"], "values": [{"value": 58.4, "step": null, "ts": 1621695165.0594182}]}, "version": 212}
{"obj": {"type": "LogFloats", "path": ["monitoring", "memory"], "values": [{"value": 14.328773498535156, "step": null, "ts": 1621695165.0594182}]}, "version": 213}
{"obj": {"type": "LogFloats", "path": ["monitoring", "gpu"], "values": [{"value": 89.0, "step": null, "ts": 1621695165.0594182}]}, "version": 214}
{"obj": {"type": "LogFloats", "path": ["monitoring", "gpu_memory"], "values": [{"value": 5.65899658203125, "step": null, "ts": 1621695165.0594182}]}, "version": 215}
{"obj": {"type": "LogFloats", "path": ["batch_loss_test"], "values": [{"value": 0.05612615589052439, "step": null, "ts": 1621695167.3004181}]}, "version": 216}
{"obj": {"type": "LogStrings", "path": ["monitoring", "stderr"], "values": [{"value": "\r 10%|\u2588         | 1/10 [00:37<05:36, 37.38s/it]", "step": null, "ts": 1621695167.3014183}]}, "version": 217}
{"obj": {"type": "LogStrings", "path": ["monitoring", "stdout"], "values": [{"value": "train", "step": null, "ts": 1621695167.3024178}]}, "version": 218}
{"obj": {"type": "LogStrings", "path": ["monitoring", "stdout"], "values": [{"value": "\n", "step": null, "ts": 1621695167.3034182}]}, "version": 219}
{"obj": {"type": "LogFloats", "path": ["monitoring", "cpu"], "values": [{"value": 60.8, "step": null, "ts": 1621695175.069418}]}, "version": 220}
{"obj": {"type": "LogFloats", "path": ["monitoring", "memory"], "values": [{"value": 14.33529281616211, "step": null, "ts": 1621695175.069418}]}, "version": 221}
{"obj": {"type": "LogFloats", "path": ["monitoring", "gpu"], "values": [{"value": 97.0, "step": null, "ts": 1621695175.069418}]}, "version": 222}
{"obj": {"type": "LogFloats", "path": ["monitoring", "gpu_memory"], "values": [{"value": 5.65447998046875, "step": null, "ts": 1621695175.069418}]}, "version": 223}
{"obj": {"type": "LogFloats", "path": ["monitoring", "cpu"], "values": [{"value": 59.7, "step": null, "ts": 1621695185.0844178}]}, "version": 224}
{"obj": {"type": "LogFloats", "path": ["monitoring", "memory"], "values": [{"value": 14.37091064453125, "step": null, "ts": 1621695185.0844178}]}, "version": 225}
{"obj": {"type": "LogFloats", "path": ["monitoring", "gpu"], "values": [{"value": 98.0, "step": null, "ts": 1621695185.0844178}]}, "version": 226}
{"obj": {"type": "LogFloats", "path": ["monitoring", "gpu_memory"], "values": [{"value": 5.6531982421875, "step": null, "ts": 1621695185.0844178}]}, "version": 227}
{"obj": {"type": "LogFloats", "path": ["monitoring", "cpu"], "values": [{"value": 58.9, "step": null, "ts": 1621695195.097416}]}, "version": 228}
{"obj": {"type": "LogFloats", "path": ["monitoring", "memory"], "values": [{"value": 14.398441314697266, "step": null, "ts": 1621695195.097416}]}, "version": 229}
{"obj": {"type": "LogFloats", "path": ["monitoring", "gpu"], "values": [{"value": 99.0, "step": null, "ts": 1621695195.097416}]}, "version": 230}
{"obj": {"type": "LogFloats", "path": ["monitoring", "gpu_memory"], "values": [{"value": 5.659393310546875, "step": null, "ts": 1621695195.097416}]}, "version": 231}
{"obj": {"type": "LogFloats", "path": ["batch_loss_train"], "values": [{"value": 0.05632026115059852, "step": null, "ts": 1621695198.2964227}]}, "version": 232}
{"obj": {"type": "LogStrings", "path": ["monitoring", "stdout"], "values": [{"value": "test", "step": null, "ts": 1621695198.2974205}]}, "version": 233}
{"obj": {"type": "LogStrings", "path": ["monitoring", "stdout"], "values": [{"value": "\n", "step": null, "ts": 1621695198.2974205}]}, "version": 234}
{"obj": {"type": "LogFloats", "path": ["batch_loss_test"], "values": [{"value": 0.0562041086377576, "step": null, "ts": 1621695201.086424}]}, "version": 235}
{"obj": {"type": "LogStrings", "path": ["monitoring", "stderr"], "values": [{"value": "\r 20%|\u2588\u2588        | 2/10 [01:11<04:50, 36.30s/it]", "step": null, "ts": 1621695201.086424}]}, "version": 236}
{"obj": {"type": "LogStrings", "path": ["monitoring", "stdout"], "values": [{"value": "train", "step": null, "ts": 1621695201.0874236}]}, "version": 237}
{"obj": {"type": "LogStrings", "path": ["monitoring", "stdout"], "values": [{"value": "\n", "step": null, "ts": 1621695201.0884194}]}, "version": 238}
{"obj": {"type": "LogFloats", "path": ["monitoring", "cpu"], "values": [{"value": 60.4, "step": null, "ts": 1621695205.1064239}]}, "version": 239}
{"obj": {"type": "LogFloats", "path": ["monitoring", "memory"], "values": [{"value": 14.401691436767578, "step": null, "ts": 1621695205.1064239}]}, "version": 240}
{"obj": {"type": "LogFloats", "path": ["monitoring", "gpu"], "values": [{"value": 99.0, "step": null, "ts": 1621695205.1064239}]}, "version": 241}
{"obj": {"type": "LogFloats", "path": ["monitoring", "gpu_memory"], "values": [{"value": 5.640159606933594, "step": null, "ts": 1621695205.1064239}]}, "version": 242}
{"obj": {"type": "LogFloats", "path": ["monitoring", "cpu"], "values": [{"value": 61.3, "step": null, "ts": 1621695215.1174176}]}, "version": 243}
{"obj": {"type": "LogFloats", "path": ["monitoring", "memory"], "values": [{"value": 14.518882751464844, "step": null, "ts": 1621695215.1174176}]}, "version": 244}
{"obj": {"type": "LogFloats", "path": ["monitoring", "gpu"], "values": [{"value": 99.0, "step": null, "ts": 1621695215.1174176}]}, "version": 245}
{"obj": {"type": "LogFloats", "path": ["monitoring", "gpu_memory"], "values": [{"value": 5.6688232421875, "step": null, "ts": 1621695215.1174176}]}, "version": 246}
{"obj": {"type": "LogFloats", "path": ["monitoring", "cpu"], "values": [{"value": 60.0, "step": null, "ts": 1621695225.1384163}]}, "version": 247}
{"obj": {"type": "LogFloats", "path": ["monitoring", "memory"], "values": [{"value": 14.464485168457031, "step": null, "ts": 1621695225.1384163}]}, "version": 248}
{"obj": {"type": "LogFloats", "path": ["monitoring", "gpu"], "values": [{"value": 98.0, "step": null, "ts": 1621695225.1384163}]}, "version": 249}
{"obj": {"type": "LogFloats", "path": ["monitoring", "gpu_memory"], "values": [{"value": 5.657737731933594, "step": null, "ts": 1621695225.1384163}]}, "version": 250}
{"obj": {"type": "LogFloats", "path": ["batch_loss_train"], "values": [{"value": 0.056268264442682264, "step": null, "ts": 1621695232.410416}]}, "version": 251}
{"obj": {"type": "LogStrings", "path": ["monitoring", "stdout"], "values": [{"value": "test", "step": null, "ts": 1621695232.4114158}]}, "version": 252}
{"obj": {"type": "LogStrings", "path": ["monitoring", "stdout"], "values": [{"value": "\n", "step": null, "ts": 1621695232.4114158}]}, "version": 253}
{"obj": {"type": "LogFloats", "path": ["monitoring", "cpu"], "values": [{"value": 59.9, "step": null, "ts": 1621695235.153417}]}, "version": 254}
{"obj": {"type": "LogFloats", "path": ["monitoring", "memory"], "values": [{"value": 14.468780517578125, "step": null, "ts": 1621695235.153417}]}, "version": 255}
{"obj": {"type": "LogFloats", "path": ["monitoring", "gpu"], "values": [{"value": 88.0, "step": null, "ts": 1621695235.153417}]}, "version": 256}
{"obj": {"type": "LogFloats", "path": ["monitoring", "gpu_memory"], "values": [{"value": 5.717498779296875, "step": null, "ts": 1621695235.153417}]}, "version": 257}
{"obj": {"type": "LogFloats", "path": ["batch_loss_test"], "values": [{"value": 0.05607968592084944, "step": null, "ts": 1621695235.2154171}]}, "version": 258}
{"obj": {"type": "LogStrings", "path": ["monitoring", "stderr"], "values": [{"value": "\r 30%|\u2588\u2588\u2588       | 3/10 [01:45<04:09, 35.65s/it]", "step": null, "ts": 1621695235.216417}]}, "version": 259}
{"obj": {"type": "LogStrings", "path": ["monitoring", "stdout"], "values": [{"value": "train", "step": null, "ts": 1621695235.2174168}]}, "version": 260}
{"obj": {"type": "LogStrings", "path": ["monitoring", "stdout"], "values": [{"value": "\n", "step": null, "ts": 1621695235.2174168}]}, "version": 261}
{"obj": {"type": "LogFloats", "path": ["monitoring", "cpu"], "values": [{"value": 54.8, "step": null, "ts": 1621695245.1734183}]}, "version": 262}
{"obj": {"type": "LogFloats", "path": ["monitoring", "memory"], "values": [{"value": 14.428176879882812, "step": null, "ts": 1621695245.1734183}]}, "version": 263}
{"obj": {"type": "LogFloats", "path": ["monitoring", "gpu"], "values": [{"value": 98.0, "step": null, "ts": 1621695245.1734183}]}, "version": 264}
{"obj": {"type": "LogFloats", "path": ["monitoring", "gpu_memory"], "values": [{"value": 5.659637451171875, "step": null, "ts": 1621695245.1734183}]}, "version": 265}
{"obj": {"type": "LogFloats", "path": ["monitoring", "cpu"], "values": [{"value": 56.1, "step": null, "ts": 1621695255.182416}]}, "version": 266}
{"obj": {"type": "LogFloats", "path": ["monitoring", "memory"], "values": [{"value": 14.426986694335938, "step": null, "ts": 1621695255.182416}]}, "version": 267}
{"obj": {"type": "LogFloats", "path": ["monitoring", "gpu"], "values": [{"value": 97.0, "step": null, "ts": 1621695255.182416}]}, "version": 268}
{"obj": {"type": "LogFloats", "path": ["monitoring", "gpu_memory"], "values": [{"value": 5.662040710449219, "step": null, "ts": 1621695255.182416}]}, "version": 269}
{"obj": {"type": "LogFloats", "path": ["monitoring", "cpu"], "values": [{"value": 53.1, "step": null, "ts": 1621695265.1974158}]}, "version": 270}
{"obj": {"type": "LogFloats", "path": ["monitoring", "memory"], "values": [{"value": 14.455562591552734, "step": null, "ts": 1621695265.1974158}]}, "version": 271}
{"obj": {"type": "LogFloats", "path": ["monitoring", "gpu"], "values": [{"value": 99.0, "step": null, "ts": 1621695265.1974158}]}, "version": 272}
{"obj": {"type": "LogFloats", "path": ["monitoring", "gpu_memory"], "values": [{"value": 5.658073425292969, "step": null, "ts": 1621695265.1974158}]}, "version": 273}
{"obj": {"type": "LogFloats", "path": ["batch_loss_train"], "values": [{"value": 0.0562196940779686, "step": null, "ts": 1621695266.2474258}]}, "version": 274}
{"obj": {"type": "LogStrings", "path": ["monitoring", "stdout"], "values": [{"value": "test", "step": null, "ts": 1621695266.2474258}]}, "version": 275}
{"obj": {"type": "LogStrings", "path": ["monitoring", "stdout"], "values": [{"value": "\n", "step": null, "ts": 1621695266.2474258}]}, "version": 276}
{"obj": {"type": "LogFloats", "path": ["batch_loss_test"], "values": [{"value": 0.05607086478266865, "step": null, "ts": 1621695269.0724194}]}, "version": 277}
{"obj": {"type": "LogStrings", "path": ["monitoring", "stderr"], "values": [{"value": "\r 40%|\u2588\u2588\u2588\u2588      | 4/10 [02:19<03:30, 35.11s/it]", "step": null, "ts": 1621695269.0724194}]}, "version": 278}
{"obj": {"type": "LogStrings", "path": ["monitoring", "stdout"], "values": [{"value": "train", "step": null, "ts": 1621695269.0734203}]}, "version": 279}
{"obj": {"type": "LogStrings", "path": ["monitoring", "stdout"], "values": [{"value": "\n", "step": null, "ts": 1621695269.074418}]}, "version": 280}
{"obj": {"type": "LogFloats", "path": ["monitoring", "cpu"], "values": [{"value": 59.7, "step": null, "ts": 1621695275.2144244}]}, "version": 281}
{"obj": {"type": "LogFloats", "path": ["monitoring", "memory"], "values": [{"value": 14.56607437133789, "step": null, "ts": 1621695275.2144244}]}, "version": 282}
{"obj": {"type": "LogFloats", "path": ["monitoring", "gpu"], "values": [{"value": 99.0, "step": null, "ts": 1621695275.2144244}]}, "version": 283}
{"obj": {"type": "LogFloats", "path": ["monitoring", "gpu_memory"], "values": [{"value": 5.70159912109375, "step": null, "ts": 1621695275.2144244}]}, "version": 284}
{"obj": {"type": "LogFloats", "path": ["monitoring", "cpu"], "values": [{"value": 55.4, "step": null, "ts": 1621695285.2204158}]}, "version": 285}
{"obj": {"type": "LogFloats", "path": ["monitoring", "memory"], "values": [{"value": 14.592575073242188, "step": null, "ts": 1621695285.2204158}]}, "version": 286}
{"obj": {"type": "LogFloats", "path": ["monitoring", "gpu"], "values": [{"value": 98.0, "step": null, "ts": 1621695285.2204158}]}, "version": 287}
{"obj": {"type": "LogFloats", "path": ["monitoring", "gpu_memory"], "values": [{"value": 5.676383972167969, "step": null, "ts": 1621695285.2204158}]}, "version": 288}
{"obj": {"type": "LogFloats", "path": ["monitoring", "cpu"], "values": [{"value": 54.9, "step": null, "ts": 1621695295.2384207}]}, "version": 289}
{"obj": {"type": "LogFloats", "path": ["monitoring", "memory"], "values": [{"value": 14.605724334716797, "step": null, "ts": 1621695295.2384207}]}, "version": 290}
{"obj": {"type": "LogFloats", "path": ["monitoring", "gpu"], "values": [{"value": 98.0, "step": null, "ts": 1621695295.2384207}]}, "version": 291}
{"obj": {"type": "LogFloats", "path": ["monitoring", "gpu_memory"], "values": [{"value": 5.66400146484375, "step": null, "ts": 1621695295.2384207}]}, "version": 292}
{"obj": {"type": "LogFloats", "path": ["batch_loss_train"], "values": [{"value": 0.05618470177054405, "step": null, "ts": 1621695300.0874236}]}, "version": 293}
{"obj": {"type": "LogStrings", "path": ["monitoring", "stdout"], "values": [{"value": "test", "step": null, "ts": 1621695300.0874236}]}, "version": 294}
{"obj": {"type": "LogStrings", "path": ["monitoring", "stdout"], "values": [{"value": "\n", "step": null, "ts": 1621695300.0884175}]}, "version": 295}
{"obj": {"type": "LogFloats", "path": ["batch_loss_test"], "values": [{"value": 0.05594103643670678, "step": null, "ts": 1621695302.8814168}]}, "version": 296}
{"obj": {"type": "LogStrings", "path": ["monitoring", "stderr"], "values": [{"value": "\r 50%|\u2588\u2588\u2588\u2588\u2588     | 5/10 [02:52<02:53, 34.72s/it]", "step": null, "ts": 1621695302.882417}]}, "version": 297}
{"obj": {"type": "LogStrings", "path": ["monitoring", "stdout"], "values": [{"value": "train", "step": null, "ts": 1621695302.8834171}]}, "version": 298}
{"obj": {"type": "LogStrings", "path": ["monitoring", "stdout"], "values": [{"value": "\n", "step": null, "ts": 1621695302.8844178}]}, "version": 299}
{"obj": {"type": "LogFloats", "path": ["monitoring", "cpu"], "values": [{"value": 61.3, "step": null, "ts": 1621695305.252418}]}, "version": 300}
{"obj": {"type": "LogFloats", "path": ["monitoring", "memory"], "values": [{"value": 13.963088989257812, "step": null, "ts": 1621695305.252418}]}, "version": 301}
{"obj": {"type": "LogFloats", "path": ["monitoring", "gpu"], "values": [{"value": 98.0, "step": null, "ts": 1621695305.252418}]}, "version": 302}
{"obj": {"type": "LogFloats", "path": ["monitoring", "gpu_memory"], "values": [{"value": 5.683403015136719, "step": null, "ts": 1621695305.252418}]}, "version": 303}
{"obj": {"type": "LogFloats", "path": ["monitoring", "cpu"], "values": [{"value": 57.3, "step": null, "ts": 1621695315.2594163}]}, "version": 304}
{"obj": {"type": "LogFloats", "path": ["monitoring", "memory"], "values": [{"value": 13.230037689208984, "step": null, "ts": 1621695315.2594163}]}, "version": 305}
{"obj": {"type": "LogFloats", "path": ["monitoring", "gpu"], "values": [{"value": 97.0, "step": null, "ts": 1621695315.2594163}]}, "version": 306}
{"obj": {"type": "LogFloats", "path": ["monitoring", "gpu_memory"], "values": [{"value": 5.663261413574219, "step": null, "ts": 1621695315.2594163}]}, "version": 307}
{"obj": {"type": "LogFloats", "path": ["monitoring", "cpu"], "values": [{"value": 55.2, "step": null, "ts": 1621695325.2694194}]}, "version": 308}
{"obj": {"type": "LogFloats", "path": ["monitoring", "memory"], "values": [{"value": 13.299625396728516, "step": null, "ts": 1621695325.2694194}]}, "version": 309}
{"obj": {"type": "LogFloats", "path": ["monitoring", "gpu"], "values": [{"value": 97.0, "step": null, "ts": 1621695325.2694194}]}, "version": 310}
{"obj": {"type": "LogFloats", "path": ["monitoring", "gpu_memory"], "values": [{"value": 5.6669921875, "step": null, "ts": 1621695325.2694194}]}, "version": 311}
{"obj": {"type": "LogFloats", "path": ["batch_loss_train"], "values": [{"value": 0.05613860982656479, "step": null, "ts": 1621695334.013419}]}, "version": 312}
{"obj": {"type": "LogStrings", "path": ["monitoring", "stdout"], "values": [{"value": "test", "step": null, "ts": 1621695334.0144174}]}, "version": 313}
{"obj": {"type": "LogStrings", "path": ["monitoring", "stdout"], "values": [{"value": "\n", "step": null, "ts": 1621695334.0144174}]}, "version": 314}
{"obj": {"type": "LogFloats", "path": ["monitoring", "cpu"], "values": [{"value": 57.2, "step": null, "ts": 1621695335.2784178}]}, "version": 315}
{"obj": {"type": "LogFloats", "path": ["monitoring", "memory"], "values": [{"value": 13.30801773071289, "step": null, "ts": 1621695335.2784178}]}, "version": 316}
{"obj": {"type": "LogFloats", "path": ["monitoring", "gpu"], "values": [{"value": 89.0, "step": null, "ts": 1621695335.2784178}]}, "version": 317}
{"obj": {"type": "LogFloats", "path": ["monitoring", "gpu_memory"], "values": [{"value": 5.6815185546875, "step": null, "ts": 1621695335.2784178}]}, "version": 318}
{"obj": {"type": "LogFloats", "path": ["batch_loss_test"], "values": [{"value": 0.05601482407655567, "step": null, "ts": 1621695336.797416}]}, "version": 319}
{"obj": {"type": "LogStrings", "path": ["monitoring", "stderr"], "values": [{"value": "\r 60%|\u2588\u2588\u2588\u2588\u2588\u2588    | 6/10 [03:26<02:17, 34.48s/it]", "step": null, "ts": 1621695336.798416}]}, "version": 320}
{"obj": {"type": "LogStrings", "path": ["monitoring", "stdout"], "values": [{"value": "train", "step": null, "ts": 1621695336.7994194}]}, "version": 321}
{"obj": {"type": "LogStrings", "path": ["monitoring", "stdout"], "values": [{"value": "\n", "step": null, "ts": 1621695336.8004172}]}, "version": 322}
{"obj": {"type": "LogFloats", "path": ["monitoring", "cpu"], "values": [{"value": 60.9, "step": null, "ts": 1621695345.2832308}]}, "version": 323}
{"obj": {"type": "LogFloats", "path": ["monitoring", "memory"], "values": [{"value": 13.446063995361328, "step": null, "ts": 1621695345.2832308}]}, "version": 324}
{"obj": {"type": "LogFloats", "path": ["monitoring", "gpu"], "values": [{"value": 99.0, "step": null, "ts": 1621695345.2832308}]}, "version": 325}
{"obj": {"type": "LogFloats", "path": ["monitoring", "gpu_memory"], "values": [{"value": 5.652198791503906, "step": null, "ts": 1621695345.2832308}]}, "version": 326}
{"obj": {"type": "LogFloats", "path": ["monitoring", "cpu"], "values": [{"value": 56.9, "step": null, "ts": 1621695355.2993746}]}, "version": 327}
{"obj": {"type": "LogFloats", "path": ["monitoring", "memory"], "values": [{"value": 13.418922424316406, "step": null, "ts": 1621695355.2993746}]}, "version": 328}
{"obj": {"type": "LogFloats", "path": ["monitoring", "gpu"], "values": [{"value": 98.0, "step": null, "ts": 1621695355.2993746}]}, "version": 329}
{"obj": {"type": "LogFloats", "path": ["monitoring", "gpu_memory"], "values": [{"value": 5.66900634765625, "step": null, "ts": 1621695355.2993746}]}, "version": 330}
{"obj": {"type": "LogFloats", "path": ["monitoring", "cpu"], "values": [{"value": 57.1, "step": null, "ts": 1621695365.313369}]}, "version": 331}
{"obj": {"type": "LogFloats", "path": ["monitoring", "memory"], "values": [{"value": 13.526477813720703, "step": null, "ts": 1621695365.313369}]}, "version": 332}
{"obj": {"type": "LogFloats", "path": ["monitoring", "gpu"], "values": [{"value": 98.0, "step": null, "ts": 1621695365.313369}]}, "version": 333}
{"obj": {"type": "LogFloats", "path": ["monitoring", "gpu_memory"], "values": [{"value": 5.64910888671875, "step": null, "ts": 1621695365.313369}]}, "version": 334}
{"obj": {"type": "LogFloats", "path": ["batch_loss_train"], "values": [{"value": 0.05610476452112198, "step": null, "ts": 1621695367.9873674}]}, "version": 335}
{"obj": {"type": "LogStrings", "path": ["monitoring", "stdout"], "values": [{"value": "test", "step": null, "ts": 1621695367.9873674}]}, "version": 336}
{"obj": {"type": "LogStrings", "path": ["monitoring", "stdout"], "values": [{"value": "\n", "step": null, "ts": 1621695367.9883661}]}, "version": 337}
{"obj": {"type": "LogFloats", "path": ["batch_loss_test"], "values": [{"value": 0.055952483671717346, "step": null, "ts": 1621695370.792366}]}, "version": 338}
{"obj": {"type": "LogStrings", "path": ["monitoring", "stderr"], "values": [{"value": "\r 70%|\u2588\u2588\u2588\u2588\u2588\u2588\u2588   | 7/10 [04:00<01:43, 34.33s/it]", "step": null, "ts": 1621695370.793366}]}, "version": 339}
{"obj": {"type": "LogStrings", "path": ["monitoring", "stdout"], "values": [{"value": "train", "step": null, "ts": 1621695370.7943661}]}, "version": 340}
{"obj": {"type": "LogStrings", "path": ["monitoring", "stdout"], "values": [{"value": "\n", "step": null, "ts": 1621695370.7943661}]}, "version": 341}
{"obj": {"type": "LogFloats", "path": ["monitoring", "cpu"], "values": [{"value": 54.6, "step": null, "ts": 1621695375.325367}]}, "version": 342}
{"obj": {"type": "LogFloats", "path": ["monitoring", "memory"], "values": [{"value": 13.529766082763672, "step": null, "ts": 1621695375.325367}]}, "version": 343}
{"obj": {"type": "LogFloats", "path": ["monitoring", "gpu"], "values": [{"value": 98.0, "step": null, "ts": 1621695375.325367}]}, "version": 344}
{"obj": {"type": "LogFloats", "path": ["monitoring", "gpu_memory"], "values": [{"value": 5.6649169921875, "step": null, "ts": 1621695375.325367}]}, "version": 345}
{"obj": {"type": "LogFloats", "path": ["monitoring", "cpu"], "values": [{"value": 54.6, "step": null, "ts": 1621695385.3393767}]}, "version": 346}
{"obj": {"type": "LogFloats", "path": ["monitoring", "memory"], "values": [{"value": 13.621231079101562, "step": null, "ts": 1621695385.3393767}]}, "version": 347}
{"obj": {"type": "LogFloats", "path": ["monitoring", "gpu"], "values": [{"value": 97.0, "step": null, "ts": 1621695385.3393767}]}, "version": 348}
{"obj": {"type": "LogFloats", "path": ["monitoring", "gpu_memory"], "values": [{"value": 5.698768615722656, "step": null, "ts": 1621695385.3393767}]}, "version": 349}
{"obj": {"type": "LogFloats", "path": ["monitoring", "cpu"], "values": [{"value": 52.0, "step": null, "ts": 1621695395.3453662}]}, "version": 350}
{"obj": {"type": "LogFloats", "path": ["monitoring", "memory"], "values": [{"value": 13.568561553955078, "step": null, "ts": 1621695395.3453662}]}, "version": 351}
{"obj": {"type": "LogFloats", "path": ["monitoring", "gpu"], "values": [{"value": 98.0, "step": null, "ts": 1621695395.3453662}]}, "version": 352}
{"obj": {"type": "LogFloats", "path": ["monitoring", "gpu_memory"], "values": [{"value": 5.669158935546875, "step": null, "ts": 1621695395.3453662}]}, "version": 353}
{"obj": {"type": "LogFloats", "path": ["batch_loss_train"], "values": [{"value": 0.05606557086110115, "step": null, "ts": 1621695401.829366}]}, "version": 354}
{"obj": {"type": "LogStrings", "path": ["monitoring", "stdout"], "values": [{"value": "test", "step": null, "ts": 1621695401.831366}]}, "version": 355}
{"obj": {"type": "LogStrings", "path": ["monitoring", "stdout"], "values": [{"value": "\n", "step": null, "ts": 1621695401.831366}]}, "version": 356}
{"obj": {"type": "LogFloats", "path": ["batch_loss_test"], "values": [{"value": 0.05589346692431718, "step": null, "ts": 1621695404.609366}]}, "version": 357}
{"obj": {"type": "LogStrings", "path": ["monitoring", "stderr"], "values": [{"value": "\r 80%|\u2588\u2588\u2588\u2588\u2588\u2588\u2588\u2588  | 8/10 [04:34<01:08, 34.18s/it]", "step": null, "ts": 1621695404.609366}]}, "version": 358}
{"obj": {"type": "LogStrings", "path": ["monitoring", "stdout"], "values": [{"value": "train", "step": null, "ts": 1621695404.610366}]}, "version": 359}
{"obj": {"type": "LogStrings", "path": ["monitoring", "stdout"], "values": [{"value": "\n", "step": null, "ts": 1621695404.610366}]}, "version": 360}
{"obj": {"type": "LogFloats", "path": ["monitoring", "cpu"], "values": [{"value": 54.4, "step": null, "ts": 1621695405.361366}]}, "version": 361}
{"obj": {"type": "LogFloats", "path": ["monitoring", "memory"], "values": [{"value": 13.613880157470703, "step": null, "ts": 1621695405.361366}]}, "version": 362}
{"obj": {"type": "LogFloats", "path": ["monitoring", "gpu"], "values": [{"value": 97.0, "step": null, "ts": 1621695405.361366}]}, "version": 363}
{"obj": {"type": "LogFloats", "path": ["monitoring", "gpu_memory"], "values": [{"value": 5.684730529785156, "step": null, "ts": 1621695405.361366}]}, "version": 364}
{"obj": {"type": "LogFloats", "path": ["monitoring", "cpu"], "values": [{"value": 53.3, "step": null, "ts": 1621695415.3723671}]}, "version": 365}
{"obj": {"type": "LogFloats", "path": ["monitoring", "memory"], "values": [{"value": 13.64902114868164, "step": null, "ts": 1621695415.3723671}]}, "version": 366}
{"obj": {"type": "LogFloats", "path": ["monitoring", "gpu"], "values": [{"value": 98.0, "step": null, "ts": 1621695415.3723671}]}, "version": 367}
{"obj": {"type": "LogFloats", "path": ["monitoring", "gpu_memory"], "values": [{"value": 5.671791076660156, "step": null, "ts": 1621695415.3723671}]}, "version": 368}
{"obj": {"type": "LogFloats", "path": ["monitoring", "cpu"], "values": [{"value": 50.4, "step": null, "ts": 1621695425.3823674}]}, "version": 369}
{"obj": {"type": "LogFloats", "path": ["monitoring", "memory"], "values": [{"value": 13.65378189086914, "step": null, "ts": 1621695425.3823674}]}, "version": 370}
{"obj": {"type": "LogFloats", "path": ["monitoring", "gpu"], "values": [{"value": 98.0, "step": null, "ts": 1621695425.3823674}]}, "version": 371}
{"obj": {"type": "LogFloats", "path": ["monitoring", "gpu_memory"], "values": [{"value": 5.667388916015625, "step": null, "ts": 1621695425.3823674}]}, "version": 372}
{"obj": {"type": "LogFloats", "path": ["monitoring", "cpu"], "values": [{"value": 53.3, "step": null, "ts": 1621695435.3913665}]}, "version": 373}
{"obj": {"type": "LogFloats", "path": ["monitoring", "memory"], "values": [{"value": 13.725284576416016, "step": null, "ts": 1621695435.3913665}]}, "version": 374}
{"obj": {"type": "LogFloats", "path": ["monitoring", "gpu"], "values": [{"value": 98.0, "step": null, "ts": 1621695435.3913665}]}, "version": 375}
{"obj": {"type": "LogFloats", "path": ["monitoring", "gpu_memory"], "values": [{"value": 5.669158935546875, "step": null, "ts": 1621695435.3913665}]}, "version": 376}
{"obj": {"type": "LogFloats", "path": ["batch_loss_train"], "values": [{"value": 0.056034653633832934, "step": null, "ts": 1621695435.7063684}]}, "version": 377}
{"obj": {"type": "LogStrings", "path": ["monitoring", "stdout"], "values": [{"value": "test", "step": null, "ts": 1621695435.707374}]}, "version": 378}
{"obj": {"type": "LogStrings", "path": ["monitoring", "stdout"], "values": [{"value": "\n", "step": null, "ts": 1621695435.707374}]}, "version": 379}
{"obj": {"type": "LogFloats", "path": ["batch_loss_test"], "values": [{"value": 0.05585415614768863, "step": null, "ts": 1621695438.4973693}]}, "version": 380}
{"obj": {"type": "LogStrings", "path": ["monitoring", "stderr"], "values": [{"value": "\r 90%|\u2588\u2588\u2588\u2588\u2588\u2588\u2588\u2588\u2588 | 9/10 [05:08<00:34, 34.09s/it]", "step": null, "ts": 1621695438.4973693}]}, "version": 381}
{"obj": {"type": "LogStrings", "path": ["monitoring", "stdout"], "values": [{"value": "train", "step": null, "ts": 1621695438.4983683}]}, "version": 382}
{"obj": {"type": "LogStrings", "path": ["monitoring", "stdout"], "values": [{"value": "\n", "step": null, "ts": 1621695438.4983683}]}, "version": 383}
{"obj": {"type": "LogFloats", "path": ["monitoring", "cpu"], "values": [{"value": 56.0, "step": null, "ts": 1621695445.4033751}]}, "version": 384}
{"obj": {"type": "LogFloats", "path": ["monitoring", "memory"], "values": [{"value": 13.814704895019531, "step": null, "ts": 1621695445.4033751}]}, "version": 385}
{"obj": {"type": "LogFloats", "path": ["monitoring", "gpu"], "values": [{"value": 99.0, "step": null, "ts": 1621695445.4033751}]}, "version": 386}
{"obj": {"type": "LogFloats", "path": ["monitoring", "gpu_memory"], "values": [{"value": 5.676055908203125, "step": null, "ts": 1621695445.4033751}]}, "version": 387}
{"obj": {"type": "LogFloats", "path": ["monitoring", "cpu"], "values": [{"value": 53.0, "step": null, "ts": 1621695455.4094958}]}, "version": 388}
{"obj": {"type": "LogFloats", "path": ["monitoring", "memory"], "values": [{"value": 13.76456069946289, "step": null, "ts": 1621695455.4094958}]}, "version": 389}
{"obj": {"type": "LogFloats", "path": ["monitoring", "gpu"], "values": [{"value": 98.0, "step": null, "ts": 1621695455.4094958}]}, "version": 390}
{"obj": {"type": "LogFloats", "path": ["monitoring", "gpu_memory"], "values": [{"value": 5.533805847167969, "step": null, "ts": 1621695455.4094958}]}, "version": 391}
{"obj": {"type": "LogFloats", "path": ["monitoring", "cpu"], "values": [{"value": 53.5, "step": null, "ts": 1621695465.416497}]}, "version": 392}
{"obj": {"type": "LogFloats", "path": ["monitoring", "memory"], "values": [{"value": 13.736801147460938, "step": null, "ts": 1621695465.416497}]}, "version": 393}
{"obj": {"type": "LogFloats", "path": ["monitoring", "gpu"], "values": [{"value": 98.0, "step": null, "ts": 1621695465.416497}]}, "version": 394}
{"obj": {"type": "LogFloats", "path": ["monitoring", "gpu_memory"], "values": [{"value": 5.5329132080078125, "step": null, "ts": 1621695465.416497}]}, "version": 395}
{"obj": {"type": "LogFloats", "path": ["batch_loss_train"], "values": [{"value": 0.056000866949558255, "step": null, "ts": 1621695469.5014973}]}, "version": 396}
{"obj": {"type": "LogStrings", "path": ["monitoring", "stdout"], "values": [{"value": "test", "step": null, "ts": 1621695469.5024972}]}, "version": 397}
{"obj": {"type": "LogStrings", "path": ["monitoring", "stdout"], "values": [{"value": "\n", "step": null, "ts": 1621695469.5024972}]}, "version": 398}
{"obj": {"type": "LogFloats", "path": ["batch_loss_test"], "values": [{"value": 0.05576422833837569, "step": null, "ts": 1621695472.1894963}]}, "version": 399}
{"obj": {"type": "LogStrings", "path": ["monitoring", "stderr"], "values": [{"value": "\r100%|\u2588\u2588\u2588\u2588\u2588\u2588\u2588\u2588\u2588\u2588| 10/10 [05:42<00:00, 33.97s/it]", "step": null, "ts": 1621695472.1894963}]}, "version": 400}
{"obj": {"type": "LogStrings", "path": ["monitoring", "stderr"], "values": [{"value": "", "step": null, "ts": 1621695472.1904988}]}, "version": 401}
{"obj": {"type": "LogStrings", "path": ["monitoring", "stderr"], "values": [{"value": "\r100%|\u2588\u2588\u2588\u2588\u2588\u2588\u2588\u2588\u2588\u2588| 10/10 [05:42<00:00, 34.23s/it]", "step": null, "ts": 1621695472.1914978}]}, "version": 402}
{"obj": {"type": "LogStrings", "path": ["monitoring", "stderr"], "values": [{"value": "\n", "step": null, "ts": 1621695472.1914978}]}, "version": 403}
{"obj": {"type": "LogStrings", "path": ["monitoring", "stdout"], "values": [{"value": "['AnomalyDataset', 'Compose', 'ConvLSTM', 'Dataset', 'F', 'Image', 'Path', 'Resize', 'SpatialEncoder', 'ToPILImage', 'ToTensor', 'X_batch', 'batch_loss_test', 'batch_loss_train', 'data_set', 'device', 'epochs', 'generate_stride_set', 'i', 'loss', 'loss_val', 'losses_test', 'losses_train', 'model', 'namedtuple', 'neptune', 'nn', 'np', 'optimizer', 'os', 'pd', 'plt', 'predictions', 'run', 'set_test', 'set_train', 'sio', 'stride_1_set', 'stride_2_set', 'stride_3_set', 'sys', 'test_loader', 'torch', 'tqdm', 'train_loader', 'training_videos_path', 'transfms', 'transform', 'video1', 'videodata']", "step": null, "ts": 1621695472.2074978}]}, "version": 404}
{"obj": {"type": "LogStrings", "path": ["monitoring", "stdout"], "values": [{"value": "\n", "step": null, "ts": 1621695472.2074978}]}, "version": 405}
{"obj": {"type": "LogStrings", "path": ["monitoring", "stderr"], "values": [{"value": "C:\\Users\\cdami\\Anaconda3\\lib\\site-packages\\torch\\nn\\functional.py:1628: UserWarning: nn.functional.tanh is deprecated. Use torch.tanh instead.\n  warnings.warn(\"nn.functional.tanh is deprecated. Use torch.tanh instead.\")\n", "step": null, "ts": 1621695472.8724103}]}, "version": 406}
{"obj": {"type": "LogFloats", "path": ["monitoring", "cpu"], "values": [{"value": 45.4, "step": null, "ts": 1621695475.4291475}]}, "version": 407}
{"obj": {"type": "LogFloats", "path": ["monitoring", "memory"], "values": [{"value": 13.843387603759766, "step": null, "ts": 1621695475.4291475}]}, "version": 408}
{"obj": {"type": "LogFloats", "path": ["monitoring", "gpu"], "values": [{"value": 3.0, "step": null, "ts": 1621695475.4291475}]}, "version": 409}
{"obj": {"type": "LogFloats", "path": ["monitoring", "gpu_memory"], "values": [{"value": 5.5973052978515625, "step": null, "ts": 1621695475.4291475}]}, "version": 410}
{"obj": {"type": "LogFloats", "path": ["monitoring", "cpu"], "values": [{"value": 11.0, "step": null, "ts": 1621695485.447022}]}, "version": 411}
{"obj": {"type": "LogFloats", "path": ["monitoring", "memory"], "values": [{"value": 13.877342224121094, "step": null, "ts": 1621695485.447022}]}, "version": 412}
{"obj": {"type": "LogFloats", "path": ["monitoring", "gpu"], "values": [{"value": 3.0, "step": null, "ts": 1621695485.447022}]}, "version": 413}
{"obj": {"type": "LogFloats", "path": ["monitoring", "gpu_memory"], "values": [{"value": 5.5845794677734375, "step": null, "ts": 1621695485.447022}]}, "version": 414}
{"obj": {"type": "LogFloats", "path": ["monitoring", "cpu"], "values": [{"value": 8.8, "step": null, "ts": 1621695495.4617164}]}, "version": 415}
{"obj": {"type": "LogFloats", "path": ["monitoring", "memory"], "values": [{"value": 13.86660385131836, "step": null, "ts": 1621695495.4617164}]}, "version": 416}
{"obj": {"type": "LogFloats", "path": ["monitoring", "gpu"], "values": [{"value": 36.0, "step": null, "ts": 1621695495.4617164}]}, "version": 417}
{"obj": {"type": "LogFloats", "path": ["monitoring", "gpu_memory"], "values": [{"value": 5.577491760253906, "step": null, "ts": 1621695495.4617164}]}, "version": 418}
{"obj": {"type": "LogStrings", "path": ["monitoring", "stderr"], "values": [{"value": "b''", "step": null, "ts": 1621695501.2528627}]}, "version": 419}
{"obj": {"type": "LogStrings", "path": ["monitoring", "stderr"], "values": [{"value": "b'Run SPAT-3 received stop signal. Exiting\\r\\n'", "step": null, "ts": 1621695501.2548673}]}, "version": 420}
{"obj": {"type": "LogStrings", "path": ["monitoring", "stdout"], "values": [{"value": "b'Shutting down background jobs, please wait a moment...\\r\\n'", "step": null, "ts": 1621695501.2568638}]}, "version": 421}
